<?xml version="1.0" encoding="UTF-8"?>
<robot generator="Robot 7.4.2 (Python 3.14.2 on win32)" generated="2026-07-30T16:27:36.788669" rpa="false" schemaversion="5">
<suite id="s1" name="Add Patient Tests" source="D:\Apps\Automation\Bijib-PMS\tests\add_patient_tests.robot">
<kw name="Open Add Patient Slide" owner="add_patient_page" type="SETUP">
<kw name="Open Browser Login And Goto Dashboard" owner="Common">
<kw name="Open Browser Keyword" owner="Common">
<kw name="Evaluate" owner="BuiltIn">
<msg time="2026-07-30T16:27:37.158148" level="INFO">${options} = &lt;selenium.webdriver.chrome.options.Options object at 0x0000020F7A45CC20&gt;</msg>
<var>${options}</var>
<arg>sys.modules['selenium.webdriver'].ChromeOptions()</arg>
<arg>sys</arg>
<doc>Evaluates the given expression in Python and returns the result.</doc>
<status status="PASS" start="2026-07-30T16:27:37.157676" elapsed="0.000517"/>
</kw>
<kw name="Call Method" owner="BuiltIn">
<arg>${options}</arg>
<arg>add_argument</arg>
<arg>--headless\=new</arg>
<doc>Calls the named method of the given object with the provided arguments.</doc>
<status status="PASS" start="2026-07-30T16:27:37.158359" elapsed="0.000290"/>
</kw>
<kw name="Call Method" owner="BuiltIn">
<arg>${options}</arg>
<arg>add_argument</arg>
<arg>--window-size\=1920,1080</arg>
<doc>Calls the named method of the given object with the provided arguments.</doc>
<status status="PASS" start="2026-07-30T16:27:37.158783" elapsed="0.000262"/>
</kw>
<kw name="Call Method" owner="BuiltIn">
<arg>${options}</arg>
<arg>add_argument</arg>
<arg>--disable-gpu</arg>
<doc>Calls the named method of the given object with the provided arguments.</doc>
<status status="PASS" start="2026-07-30T16:27:37.159171" elapsed="0.000247"/>
</kw>
<kw name="Call Method" owner="BuiltIn">
<arg>${options}</arg>
<arg>add_argument</arg>
<arg>--disable-dev-shm-usage</arg>
<doc>Calls the named method of the given object with the provided arguments.</doc>
<status status="PASS" start="2026-07-30T16:27:37.159542" elapsed="0.000250"/>
</kw>
<kw name="Call Method" owner="BuiltIn">
<arg>${options}</arg>
<arg>add_argument</arg>
<arg>--no-sandbox</arg>
<doc>Calls the named method of the given object with the provided arguments.</doc>
<status status="PASS" start="2026-07-30T16:27:37.159916" elapsed="0.000286"/>
</kw>
<kw name="Open Browser" owner="SeleniumLibrary">
<msg time="2026-07-30T16:27:37.160590" level="INFO">Opening browser 'Chrome' to base url 'https://qat.bijib.in/login'.</msg>
<arg>${BASE_URL}</arg>
<arg>Chrome</arg>
<arg>options=${options}</arg>
<doc>Opens a new browser instance to the optional ``url``.</doc>
<status status="PASS" start="2026-07-30T16:27:37.160361" elapsed="2.857225"/>
</kw>
<kw name="Set Window Size" owner="SeleniumLibrary">
<arg>1920</arg>
<arg>1080</arg>
<doc>Sets current windows size to given ``width`` and ``height``.</doc>
<status status="PASS" start="2026-07-30T16:27:40.017889" elapsed="0.013493"/>
</kw>
<kw name="Set Selenium Timeout" owner="SeleniumLibrary">
<arg>30s</arg>
<doc>Sets the timeout that is used by various keywords.</doc>
<status status="PASS" start="2026-07-30T16:27:40.031590" elapsed="0.000986"/>
</kw>
<kw name="Set Selenium Implicit Wait" owner="SeleniumLibrary">
<arg>2s</arg>
<doc>Sets the implicit wait value used by Selenium.</doc>
<status status="PASS" start="2026-07-30T16:27:40.032729" elapsed="0.000850"/>
</kw>
<kw name="Set Selenium Speed" owner="SeleniumLibrary">
<arg>0s</arg>
<doc>Sets the delay that is waited after each Selenium command.</doc>
<status status="PASS" start="2026-07-30T16:27:40.033730" elapsed="0.000170"/>
</kw>
<kw name="Wait Until Page Contains Element" owner="SeleniumLibrary">
<arg>xpath=//body</arg>
<doc>Waits until the element ``locator`` appears on the current page.</doc>
<status status="PASS" start="2026-07-30T16:27:40.034032" elapsed="0.020086"/>
</kw>
<status status="PASS" start="2026-07-30T16:27:37.157031" elapsed="2.897208"/>
</kw>
<kw name="Login and Goto Dashboard" owner="Login">
<kw name="Wait Until Page Contains" owner="SeleniumLibrary">
<arg>${LOGIN_PAGE_TITLE}</arg>
<arg>${TIMEOUT}</arg>
<doc>Waits until ``text`` appears on the current page.</doc>
<status status="PASS" start="2026-07-30T16:27:40.054691" elapsed="0.010480"/>
</kw>
<kw name="Log To Console" owner="BuiltIn">
<arg>Login Page Loaded Successfully</arg>
<doc>Logs the given message to the console.</doc>
<status status="PASS" start="2026-07-30T16:27:40.065365" elapsed="0.000379"/>
</kw>
<kw name="Textfield With Placeholder" owner="TextFields">
<kw name="Set Variable" owner="BuiltIn">
<msg time="2026-07-30T16:27:40.066992" level="INFO">${INPUT_PATH} = xpath=(//input[@placeholder="Enter Username"])[1]</msg>
<var>${INPUT_PATH}</var>
<arg>xpath=(//input[@placeholder="${PLACEHOLDER}"])[${INDEX}]</arg>
<doc>Returns the given values which can then be assigned to a variables.</doc>
<status status="PASS" start="2026-07-30T16:27:40.066653" elapsed="0.000373"/>
</kw>
<kw name="Wait Until Element Is Visible" owner="SeleniumLibrary">
<arg>${INPUT_PATH}</arg>
<arg>${TIMEOUT}</arg>
<doc>Waits until the element ``locator`` is visible.</doc>
<status status="PASS" start="2026-07-30T16:27:40.067163" elapsed="0.021589"/>
</kw>
<kw name="Clear Element Text" owner="SeleniumLibrary">
<arg>${INPUT_PATH}</arg>
<doc>Clears the value of the text-input-element identified by ``locator``.</doc>
<status status="PASS" start="2026-07-30T16:27:40.089108" elapsed="0.042968"/>
</kw>
<kw name="Input Text" owner="SeleniumLibrary">
<msg time="2026-07-30T16:27:40.132513" level="INFO">Typing text 'testuser3' into text field 'xpath=(//input[@placeholder="Enter Username"])[1]'.</msg>
<arg>${INPUT_PATH}</arg>
<arg>${VALUE}</arg>
<doc>Types the given ``text`` into the text field identified by ``locator``.</doc>
<status status="PASS" start="2026-07-30T16:27:40.132271" elapsed="0.094730"/>
</kw>
<arg>Enter Username</arg>
<arg>${LOGINNAME}</arg>
<status status="PASS" start="2026-07-30T16:27:40.066353" elapsed="0.160838"/>
</kw>
<kw name="Textfield With Placeholder" owner="TextFields">
<kw name="Set Variable" owner="BuiltIn">
<msg time="2026-07-30T16:27:40.228146" level="INFO">${INPUT_PATH} = xpath=(//input[@placeholder="Enter Password"])[1]</msg>
<var>${INPUT_PATH}</var>
<arg>xpath=(//input[@placeholder="${PLACEHOLDER}"])[${INDEX}]</arg>
<doc>Returns the given values which can then be assigned to a variables.</doc>
<status status="PASS" start="2026-07-30T16:27:40.227783" elapsed="0.000398"/>
</kw>
<kw name="Wait Until Element Is Visible" owner="SeleniumLibrary">
<arg>${INPUT_PATH}</arg>
<arg>${TIMEOUT}</arg>
<doc>Waits until the element ``locator`` is visible.</doc>
<status status="PASS" start="2026-07-30T16:27:40.228326" elapsed="0.019954"/>
</kw>
<kw name="Clear Element Text" owner="SeleniumLibrary">
<arg>${INPUT_PATH}</arg>
<doc>Clears the value of the text-input-element identified by ``locator``.</doc>
<status status="PASS" start="2026-07-30T16:27:40.248487" elapsed="0.026219"/>
</kw>
<kw name="Input Text" owner="SeleniumLibrary">
<msg time="2026-07-30T16:27:40.275138" level="INFO">Typing text 'E7q_35&amp;ZR]5D*iRZ' into text field 'xpath=(//input[@placeholder="Enter Password"])[1]'.</msg>
<arg>${INPUT_PATH}</arg>
<arg>${VALUE}</arg>
<doc>Types the given ``text`` into the text field identified by ``locator``.</doc>
<status status="PASS" start="2026-07-30T16:27:40.274899" elapsed="0.069142"/>
</kw>
<arg>Enter Password</arg>
<arg>${PASSWORD}</arg>
<status status="PASS" start="2026-07-30T16:27:40.227439" elapsed="0.116713"/>
</kw>
<kw name="Button Click" owner="Buttons">
<kw name="Set Variable" owner="BuiltIn">
<msg time="2026-07-30T16:27:40.344947" level="INFO">${BASE_PATH} = //button[normalize-space()="Login"]</msg>
<var>${BASE_PATH}</var>
<arg>//button[normalize-space()="${LABEL}"]</arg>
<doc>Returns the given values which can then be assigned to a variables.</doc>
<status status="PASS" start="2026-07-30T16:27:40.344622" elapsed="0.000358"/>
</kw>
<kw name="Set Variable" owner="BuiltIn">
<msg time="2026-07-30T16:27:40.345427" level="INFO">${BUTTON_PATH} = xpath=(//button[normalize-space()="Login"])[1]</msg>
<var>${BUTTON_PATH}</var>
<arg>xpath=(${BASE_PATH})[${INDEX}]</arg>
<doc>Returns the given values which can then be assigned to a variables.</doc>
<status status="PASS" start="2026-07-30T16:27:40.345107" elapsed="0.000397"/>
</kw>
<kw name="Wait Until Element Is Visible" owner="SeleniumLibrary">
<arg>${BUTTON_PATH}</arg>
<arg>${TIMEOUT}</arg>
<doc>Waits until the element ``locator`` is visible.</doc>
<status status="PASS" start="2026-07-30T16:27:40.345653" elapsed="0.015970"/>
</kw>
<kw name="Click Button" owner="SeleniumLibrary">
<msg time="2026-07-30T16:27:40.362038" level="INFO">Clicking button 'xpath=(//button[normalize-space()="Login"])[1]'.</msg>
<arg>${BUTTON_PATH}</arg>
<doc>Clicks the button identified by ``locator``.</doc>
<status status="PASS" start="2026-07-30T16:27:40.361817" elapsed="0.072022"/>
</kw>
<kw name="Log To Console" owner="BuiltIn">
<arg>Clicked button with label ${LABEL}</arg>
<doc>Logs the given message to the console.</doc>
<status status="PASS" start="2026-07-30T16:27:40.434088" elapsed="0.000480"/>
</kw>
<arg>Login</arg>
<status status="PASS" start="2026-07-30T16:27:40.344358" elapsed="0.090315"/>
</kw>
<kw name="Wait Until Location Is" owner="SeleniumLibrary">
<arg>${DASHBOARD_URL}</arg>
<arg>10s</arg>
<doc>Waits until the current URL is ``expected``.</doc>
<status status="PASS" start="2026-07-30T16:27:40.434831" elapsed="2.625988"/>
</kw>
<kw name="Log To Console" owner="BuiltIn">
<arg>Navigated to Dashboard Successfully</arg>
<doc>Logs the given message to the console.</doc>
<status status="PASS" start="2026-07-30T16:27:43.061033" elapsed="0.000412"/>
</kw>
<status status="PASS" start="2026-07-30T16:27:40.054465" elapsed="3.007075"/>
</kw>
<kw name="Wait For Loader To Disappear" owner="Common">
<kw name="Wait Until Keyword Succeeds" owner="BuiltIn">
<kw name="Loader Should Be Gone" owner="Common">
<kw name="Get Element Count" owner="SeleniumLibrary">
<msg time="2026-07-30T16:27:45.121668" level="INFO">${count} = 0</msg>
<var>${count}</var>
<arg>xpath=//div[contains(@class,'animate-spin')]</arg>
<doc>Returns the number of elements matching ``locator``.</doc>
<status status="PASS" start="2026-07-30T16:27:43.062680" elapsed="2.059032"/>
</kw>
<if>
<branch type="IF" condition="${count} &gt; 0">
<kw name="Element Should Not Be Visible" owner="SeleniumLibrary">
<arg>xpath=//div[contains(@class,'animate-spin')]</arg>
<doc>Verifies that the element identified by ``locator`` is NOT visible.</doc>
<status status="NOT RUN" start="2026-07-30T16:27:45.122140" elapsed="0.000035"/>
</kw>
<status status="NOT RUN" start="2026-07-30T16:27:45.121856" elapsed="0.000366"/>
</branch>
<status status="PASS" start="2026-07-30T16:27:45.121817" elapsed="0.000483"/>
</if>
<status status="PASS" start="2026-07-30T16:27:43.062492" elapsed="2.059867"/>
</kw>
<arg>20s</arg>
<arg>500ms</arg>
<arg>Loader Should Be Gone</arg>
<doc>Runs the specified keyword and retries if it fails.</doc>
<status status="PASS" start="2026-07-30T16:27:43.061949" elapsed="2.060464"/>
</kw>
<status status="PASS" start="2026-07-30T16:27:43.061731" elapsed="2.060744"/>
</kw>
<kw name="Goto Service" owner="Service">
<kw name="Location Should Be" owner="SeleniumLibrary">
<msg time="2026-07-30T16:27:45.126786" level="INFO">Current location is 'https://qat.bijib.in/layout/dashboard'.</msg>
<arg>${DASHBOARD_URL}</arg>
<doc>Verifies that the current URL is exactly ``url``.</doc>
<status status="PASS" start="2026-07-30T16:27:45.122954" elapsed="0.003906"/>
</kw>
<kw name="Log To Console" owner="BuiltIn">
<arg>Navigated to Dashboard</arg>
<doc>Logs the given message to the console.</doc>
<status status="PASS" start="2026-07-30T16:27:45.127008" elapsed="0.000335"/>
</kw>
<kw name="Click Element With Path" owner="Buttons">
<kw name="Set Variable" owner="BuiltIn">
<msg time="2026-07-30T16:27:45.128166" level="INFO">${ELEMENT_PATH} = xpath=(//li[@title="Bijib PMS"]/div[normalize-space()="Bijib PMS"])[1]</msg>
<var>${ELEMENT_PATH}</var>
<arg>xpath=(${PATH})[${INDEX}]</arg>
<doc>Returns the given values which can then be assigned to a variables.</doc>
<status status="PASS" start="2026-07-30T16:27:45.127860" elapsed="0.000338"/>
</kw>
<kw name="Wait Until Element Is Visible" owner="SeleniumLibrary">
<arg>${ELEMENT_PATH}</arg>
<arg>${TIMEOUT}</arg>
<doc>Waits until the element ``locator`` is visible.</doc>
<status status="PASS" start="2026-07-30T16:27:45.128338" elapsed="0.015023"/>
</kw>
<kw name="Click Element" owner="SeleniumLibrary">
<msg time="2026-07-30T16:27:45.143912" level="INFO">Clicking element 'xpath=(//li[@title="Bijib PMS"]/div[normalize-space()="Bijib PMS"])[1]'.</msg>
<arg>${ELEMENT_PATH}</arg>
<doc>Click the element identified by ``locator``.</doc>
<status status="PASS" start="2026-07-30T16:27:45.143604" elapsed="0.054599"/>
</kw>
<kw name="Log To Console" owner="BuiltIn">
<arg>Clicked element with path ${PATH}</arg>
<doc>Logs the given message to the console.</doc>
<status status="PASS" start="2026-07-30T16:27:45.198400" elapsed="0.000420"/>
</kw>
<arg>//li[@title="${SERVICE_NAME}"]/div[normalize-space()="${SERVICE_NAME}"]</arg>
<status status="PASS" start="2026-07-30T16:27:45.127556" elapsed="0.071350"/>
</kw>
<kw name="Check Element Exists" owner="UIComponents">
<kw name="Run Keyword And Return Status" owner="BuiltIn">
<kw name="Page Should Contain Element" owner="SeleniumLibrary">
<msg time="2026-07-30T16:27:47.430252" level="INFO" html="true">&lt;/td&gt;&lt;/tr&gt;&lt;tr&gt;&lt;td colspan="3"&gt;&lt;a href="selenium-screenshot-1236.png"&gt;&lt;img src="selenium-screenshot-1236.png" width="800px"&gt;&lt;/a&gt;</msg>
<msg time="2026-07-30T16:27:47.430473" level="FAIL">Page should have contained element '//div[contains(@class,"submenu dsktp-vw-dsply")]/span[normalize-space()="Bijib PMS"]' but did not.</msg>
<arg>${ELEMENT_PATH}</arg>
<doc>Verifies that element ``locator`` is found on the current page.</doc>
<status status="FAIL" start="2026-07-30T16:27:45.199686" elapsed="2.236293">Page should have contained element '//div[contains(@class,"submenu dsktp-vw-dsply")]/span[normalize-space()="Bijib PMS"]' but did not.</status>
</kw>
<msg time="2026-07-30T16:27:47.436142" level="INFO">${exists} = False</msg>
<var>${exists}</var>
<arg>Page Should Contain Element</arg>
<arg>${ELEMENT_PATH}</arg>
<doc>Runs the specified keyword and returns the status as a Boolean value.</doc>
<status status="PASS" start="2026-07-30T16:27:45.199370" elapsed="2.236804"/>
</kw>
<return>
<value>${exists}</value>
<status status="PASS" start="2026-07-30T16:27:47.436252" elapsed="0.000059"/>
</return>
<msg time="2026-07-30T16:27:47.436465" level="INFO">${exists} = False</msg>
<var>${exists}</var>
<arg>//div[contains(@class,"submenu dsktp-vw-dsply")]/span[normalize-space()="${SERVICE_NAME}"]</arg>
<status status="PASS" start="2026-07-30T16:27:45.199091" elapsed="2.237402"/>
</kw>
<kw name="Wait Until Location Is" owner="SeleniumLibrary">
<arg>${SERVICE_URL}</arg>
<arg>${TIMEOUT_LONG}</arg>
<doc>Waits until the current URL is ``expected``.</doc>
<status status="PASS" start="2026-07-30T16:27:47.436651" elapsed="2.153247"/>
</kw>
<arg>Bijib PMS</arg>
<arg>TEST HOSPITAL</arg>
<arg>${PMS_DASHBOARD_URL}</arg>
<status status="PASS" start="2026-07-30T16:27:45.122636" elapsed="4.467420"/>
</kw>
<kw name="Wait For Loader To Disappear" owner="Common">
<kw name="Wait Until Keyword Succeeds" owner="BuiltIn">
<kw name="Loader Should Be Gone" owner="Common">
<kw name="Get Element Count" owner="SeleniumLibrary">
<msg time="2026-07-30T16:27:50.520502" level="INFO">${count} = 1</msg>
<var>${count}</var>
<arg>xpath=//div[contains(@class,'animate-spin')]</arg>
<doc>Returns the number of elements matching ``locator``.</doc>
<status status="PASS" start="2026-07-30T16:27:49.591381" elapsed="0.929169"/>
</kw>
<if>
<branch type="IF" condition="${count} &gt; 0">
<kw name="Element Should Not Be Visible" owner="SeleniumLibrary">
<msg time="2026-07-30T16:27:50.711614" level="INFO" html="true">&lt;/td&gt;&lt;/tr&gt;&lt;tr&gt;&lt;td colspan="3"&gt;&lt;a href="selenium-screenshot-1237.png"&gt;&lt;img src="selenium-screenshot-1237.png" width="800px"&gt;&lt;/a&gt;</msg>
<msg time="2026-07-30T16:27:50.711825" level="FAIL">The element 'xpath=//div[contains(@class,'animate-spin')]' should not be visible, but it is.</msg>
<arg>xpath=//div[contains(@class,'animate-spin')]</arg>
<doc>Verifies that the element identified by ``locator`` is NOT visible.</doc>
<status status="FAIL" start="2026-07-30T16:27:50.520960" elapsed="0.191609">The element 'xpath=//div[contains(@class,'animate-spin')]' should not be visible, but it is.</status>
</kw>
<status status="FAIL" start="2026-07-30T16:27:50.520692" elapsed="0.192014">The element 'xpath=//div[contains(@class,'animate-spin')]' should not be visible, but it is.</status>
</branch>
<status status="FAIL" start="2026-07-30T16:27:50.520658" elapsed="0.192122">The element 'xpath=//div[contains(@class,'animate-spin')]' should not be visible, but it is.</status>
</if>
<status status="FAIL" start="2026-07-30T16:27:49.591126" elapsed="1.121793">The element 'xpath=//div[contains(@class,'animate-spin')]' should not be visible, but it is.</status>
</kw>
<kw name="Loader Should Be Gone" owner="Common">
<kw name="Get Element Count" owner="SeleniumLibrary">
<msg time="2026-07-30T16:27:53.273105" level="INFO">${count} = 0</msg>
<var>${count}</var>
<arg>xpath=//div[contains(@class,'animate-spin')]</arg>
<doc>Returns the number of elements matching ``locator``.</doc>
<status status="PASS" start="2026-07-30T16:27:51.213805" elapsed="2.059388"/>
</kw>
<if>
<branch type="IF" condition="${count} &gt; 0">
<kw name="Element Should Not Be Visible" owner="SeleniumLibrary">
<arg>xpath=//div[contains(@class,'animate-spin')]</arg>
<doc>Verifies that the element identified by ``locator`` is NOT visible.</doc>
<status status="NOT RUN" start="2026-07-30T16:27:53.273875" elapsed="0.000071"/>
</kw>
<status status="NOT RUN" start="2026-07-30T16:27:53.273414" elapsed="0.000650"/>
</branch>
<status status="PASS" start="2026-07-30T16:27:53.273365" elapsed="0.000786"/>
</if>
<status status="PASS" start="2026-07-30T16:27:51.213546" elapsed="2.060713"/>
</kw>
<arg>20s</arg>
<arg>500ms</arg>
<arg>Loader Should Be Gone</arg>
<doc>Runs the specified keyword and retries if it fails.</doc>
<status status="PASS" start="2026-07-30T16:27:49.590569" elapsed="3.683803"/>
</kw>
<status status="PASS" start="2026-07-30T16:27:49.590307" elapsed="3.684202"/>
</kw>
<kw name="Log To Console" owner="BuiltIn">
<arg>Logged in and navigated to dashboard</arg>
<doc>Logs the given message to the console.</doc>
<status status="PASS" start="2026-07-30T16:27:53.274743" elapsed="0.000739"/>
</kw>
<status status="PASS" start="2026-07-30T16:27:37.156787" elapsed="16.118887"/>
</kw>
<kw name="Capture Page Screenshot" owner="SeleniumLibrary">
<msg time="2026-07-30T16:27:53.389328" level="INFO" html="true">&lt;/td&gt;&lt;/tr&gt;&lt;tr&gt;&lt;td colspan="3"&gt;&lt;a href="selenium-screenshot-1238.png"&gt;&lt;img src="selenium-screenshot-1238.png" width="800px"&gt;&lt;/a&gt;</msg>
<doc>Takes a screenshot of the current page and embeds it into a log file.</doc>
<status status="PASS" start="2026-07-30T16:27:53.275987" elapsed="0.113442"/>
</kw>
<kw name="Page Selection" owner="PageSelect">
<kw name="Wait For Loader To Disappear" owner="Common">
<kw name="Wait Until Keyword Succeeds" owner="BuiltIn">
<kw name="Loader Should Be Gone" owner="Common">
<kw name="Get Element Count" owner="SeleniumLibrary">
<msg time="2026-07-30T16:27:55.444091" level="INFO">${count} = 0</msg>
<var>${count}</var>
<arg>xpath=//div[contains(@class,'animate-spin')]</arg>
<doc>Returns the number of elements matching ``locator``.</doc>
<status status="PASS" start="2026-07-30T16:27:53.390750" elapsed="2.053386"/>
</kw>
<if>
<branch type="IF" condition="${count} &gt; 0">
<kw name="Element Should Not Be Visible" owner="SeleniumLibrary">
<arg>xpath=//div[contains(@class,'animate-spin')]</arg>
<doc>Verifies that the element identified by ``locator`` is NOT visible.</doc>
<status status="NOT RUN" start="2026-07-30T16:27:55.444487" elapsed="0.000032"/>
</kw>
<status status="NOT RUN" start="2026-07-30T16:27:55.444252" elapsed="0.000309"/>
</branch>
<status status="PASS" start="2026-07-30T16:27:55.444226" elapsed="0.000374"/>
</if>
<status status="PASS" start="2026-07-30T16:27:53.390573" elapsed="2.054078"/>
</kw>
<arg>20s</arg>
<arg>500ms</arg>
<arg>Loader Should Be Gone</arg>
<doc>Runs the specified keyword and retries if it fails.</doc>
<status status="PASS" start="2026-07-30T16:27:53.390119" elapsed="2.054583"/>
</kw>
<status status="PASS" start="2026-07-30T16:27:53.389928" elapsed="2.054834"/>
</kw>
<kw name="Set Variable" owner="BuiltIn">
<msg time="2026-07-30T16:27:55.445183" level="INFO">${CATEGORY_PATH} = //li[contains(@class,"nav-item")]//i[contains(@class,"fa-grid-2 fa-light")]</msg>
<var>${CATEGORY_PATH}</var>
<arg>//li[contains(@class,"nav-item")]//i[contains(@class,"${CATEGORY_ICON}")]</arg>
<doc>Returns the given values which can then be assigned to a variables.</doc>
<status status="PASS" start="2026-07-30T16:27:55.444871" elapsed="0.000342"/>
</kw>
<kw name="Set Variable" owner="BuiltIn">
<msg time="2026-07-30T16:27:55.445636" level="INFO">${PAGE_PATH} = //span[normalize-space()="Register Patient"]</msg>
<var>${PAGE_PATH}</var>
<arg>//span[normalize-space()="${PAGE_NAME}"]</arg>
<doc>Returns the given values which can then be assigned to a variables.</doc>
<status status="PASS" start="2026-07-30T16:27:55.445336" elapsed="0.000329"/>
</kw>
<kw name="Click Element With Path" owner="Buttons">
<kw name="Set Variable" owner="BuiltIn">
<msg time="2026-07-30T16:27:55.446366" level="INFO">${ELEMENT_PATH} = xpath=(//li[contains(@class,"nav-item")]//i[contains(@class,"fa-grid-2 fa-light")])[1]</msg>
<var>${ELEMENT_PATH}</var>
<arg>xpath=(${PATH})[${INDEX}]</arg>
<doc>Returns the given values which can then be assigned to a variables.</doc>
<status status="PASS" start="2026-07-30T16:27:55.446071" elapsed="0.000326"/>
</kw>
<kw name="Wait Until Element Is Visible" owner="SeleniumLibrary">
<arg>${ELEMENT_PATH}</arg>
<arg>${TIMEOUT}</arg>
<doc>Waits until the element ``locator`` is visible.</doc>
<status status="PASS" start="2026-07-30T16:27:55.446526" elapsed="0.015046"/>
</kw>
<kw name="Click Element" owner="SeleniumLibrary">
<msg time="2026-07-30T16:27:55.461981" level="INFO">Clicking element 'xpath=(//li[contains(@class,"nav-item")]//i[contains(@class,"fa-grid-2 fa-light")])[1]'.</msg>
<arg>${ELEMENT_PATH}</arg>
<doc>Click the element identified by ``locator``.</doc>
<status status="PASS" start="2026-07-30T16:27:55.461769" elapsed="0.058863"/>
</kw>
<kw name="Log To Console" owner="BuiltIn">
<arg>Clicked element with path ${PATH}</arg>
<doc>Logs the given message to the console.</doc>
<status status="PASS" start="2026-07-30T16:27:55.520874" elapsed="0.000574"/>
</kw>
<arg>${CATEGORY_PATH}</arg>
<status status="PASS" start="2026-07-30T16:27:55.445831" elapsed="0.075743"/>
</kw>
<kw name="Wait For Loader To Disappear" owner="Common">
<kw name="Wait Until Keyword Succeeds" owner="BuiltIn">
<kw name="Loader Should Be Gone" owner="Common">
<kw name="Get Element Count" owner="SeleniumLibrary">
<msg time="2026-07-30T16:27:57.584104" level="INFO">${count} = 0</msg>
<var>${count}</var>
<arg>xpath=//div[contains(@class,'animate-spin')]</arg>
<doc>Returns the number of elements matching ``locator``.</doc>
<status status="PASS" start="2026-07-30T16:27:55.522797" elapsed="2.061382"/>
</kw>
<if>
<branch type="IF" condition="${count} &gt; 0">
<kw name="Element Should Not Be Visible" owner="SeleniumLibrary">
<arg>xpath=//div[contains(@class,'animate-spin')]</arg>
<doc>Verifies that the element identified by ``locator`` is NOT visible.</doc>
<status status="NOT RUN" start="2026-07-30T16:27:57.584561" elapsed="0.000034"/>
</kw>
<status status="NOT RUN" start="2026-07-30T16:27:57.584320" elapsed="0.000319"/>
</branch>
<status status="PASS" start="2026-07-30T16:27:57.584293" elapsed="0.000386"/>
</if>
<status status="PASS" start="2026-07-30T16:27:55.522600" elapsed="2.062134"/>
</kw>
<arg>20s</arg>
<arg>500ms</arg>
<arg>Loader Should Be Gone</arg>
<doc>Runs the specified keyword and retries if it fails.</doc>
<status status="PASS" start="2026-07-30T16:27:55.522124" elapsed="2.062663"/>
</kw>
<status status="PASS" start="2026-07-30T16:27:55.521888" elapsed="2.062990"/>
</kw>
<kw name="Click Element With Path" owner="Buttons">
<kw name="Set Variable" owner="BuiltIn">
<msg time="2026-07-30T16:27:57.585648" level="INFO">${ELEMENT_PATH} = xpath=(//span[normalize-space()="Register Patient"])[1]</msg>
<var>${ELEMENT_PATH}</var>
<arg>xpath=(${PATH})[${INDEX}]</arg>
<doc>Returns the given values which can then be assigned to a variables.</doc>
<status status="PASS" start="2026-07-30T16:27:57.585305" elapsed="0.000374"/>
</kw>
<kw name="Wait Until Element Is Visible" owner="SeleniumLibrary">
<arg>${ELEMENT_PATH}</arg>
<arg>${TIMEOUT}</arg>
<doc>Waits until the element ``locator`` is visible.</doc>
<status status="PASS" start="2026-07-30T16:27:57.585809" elapsed="0.015025"/>
</kw>
<kw name="Click Element" owner="SeleniumLibrary">
<msg time="2026-07-30T16:27:57.601241" level="INFO">Clicking element 'xpath=(//span[normalize-space()="Register Patient"])[1]'.</msg>
<arg>${ELEMENT_PATH}</arg>
<doc>Click the element identified by ``locator``.</doc>
<status status="PASS" start="2026-07-30T16:27:57.601030" elapsed="0.053603"/>
</kw>
<kw name="Log To Console" owner="BuiltIn">
<arg>Clicked element with path ${PATH}</arg>
<doc>Logs the given message to the console.</doc>
<status status="PASS" start="2026-07-30T16:27:57.654871" elapsed="0.000574"/>
</kw>
<arg>${PAGE_PATH}</arg>
<status status="PASS" start="2026-07-30T16:27:57.585040" elapsed="0.070556"/>
</kw>
<kw name="Wait For Loader To Disappear" owner="Common">
<kw name="Wait Until Keyword Succeeds" owner="BuiltIn">
<kw name="Loader Should Be Gone" owner="Common">
<kw name="Get Element Count" owner="SeleniumLibrary">
<msg time="2026-07-30T16:27:59.675927" level="INFO">${count} = 0</msg>
<var>${count}</var>
<arg>xpath=//div[contains(@class,'animate-spin')]</arg>
<doc>Returns the number of elements matching ``locator``.</doc>
<status status="PASS" start="2026-07-30T16:27:57.656696" elapsed="2.019279"/>
</kw>
<if>
<branch type="IF" condition="${count} &gt; 0">
<kw name="Element Should Not Be Visible" owner="SeleniumLibrary">
<arg>xpath=//div[contains(@class,'animate-spin')]</arg>
<doc>Verifies that the element identified by ``locator`` is NOT visible.</doc>
<status status="NOT RUN" start="2026-07-30T16:27:59.676397" elapsed="0.000035"/>
</kw>
<status status="NOT RUN" start="2026-07-30T16:27:59.676152" elapsed="0.000323"/>
</branch>
<status status="PASS" start="2026-07-30T16:27:59.676098" elapsed="0.000418"/>
</if>
<status status="PASS" start="2026-07-30T16:27:57.656523" elapsed="2.020046"/>
</kw>
<arg>20s</arg>
<arg>500ms</arg>
<arg>Loader Should Be Gone</arg>
<doc>Runs the specified keyword and retries if it fails.</doc>
<status status="PASS" start="2026-07-30T16:27:57.656076" elapsed="2.020544"/>
</kw>
<status status="PASS" start="2026-07-30T16:27:57.655815" elapsed="2.020866"/>
</kw>
<kw name="Log To Console" owner="BuiltIn">
<arg>Navigated to ${PAGE_NAME} Page</arg>
<doc>Logs the given message to the console.</doc>
<status status="PASS" start="2026-07-30T16:27:59.676794" elapsed="0.000419"/>
</kw>
<arg>fa-grid-2 fa-light</arg>
<arg>Register Patient</arg>
<status status="PASS" start="2026-07-30T16:27:53.389662" elapsed="6.287657"/>
</kw>
<kw name="Wait For Loader To Disappear" owner="Common">
<kw name="Wait Until Keyword Succeeds" owner="BuiltIn">
<kw name="Loader Should Be Gone" owner="Common">
<kw name="Get Element Count" owner="SeleniumLibrary">
<msg time="2026-07-30T16:28:01.740454" level="INFO">${count} = 0</msg>
<var>${count}</var>
<arg>xpath=//div[contains(@class,'animate-spin')]</arg>
<doc>Returns the number of elements matching ``locator``.</doc>
<status status="PASS" start="2026-07-30T16:27:59.678331" elapsed="2.062172"/>
</kw>
<if>
<branch type="IF" condition="${count} &gt; 0">
<kw name="Element Should Not Be Visible" owner="SeleniumLibrary">
<arg>xpath=//div[contains(@class,'animate-spin')]</arg>
<doc>Verifies that the element identified by ``locator`` is NOT visible.</doc>
<status status="NOT RUN" start="2026-07-30T16:28:01.740860" elapsed="0.000034"/>
</kw>
<status status="NOT RUN" start="2026-07-30T16:28:01.740623" elapsed="0.000314"/>
</branch>
<status status="PASS" start="2026-07-30T16:28:01.740596" elapsed="0.000379"/>
</if>
<status status="PASS" start="2026-07-30T16:27:59.678150" elapsed="2.062877"/>
</kw>
<arg>20s</arg>
<arg>500ms</arg>
<arg>Loader Should Be Gone</arg>
<doc>Runs the specified keyword and retries if it fails.</doc>
<status status="PASS" start="2026-07-30T16:27:59.677716" elapsed="2.063363"/>
</kw>
<status status="PASS" start="2026-07-30T16:27:59.677525" elapsed="2.063618"/>
</kw>
<kw name="Log To Console" owner="BuiltIn">
<arg>Navigated to Patient Creation Page</arg>
<doc>Logs the given message to the console.</doc>
<status status="PASS" start="2026-07-30T16:28:01.741257" elapsed="0.000455"/>
</kw>
<kw name="Button Click" owner="Buttons">
<kw name="Set Variable" owner="BuiltIn">
<msg time="2026-07-30T16:28:01.742553" level="INFO">${BASE_PATH} = //button[normalize-space()="Add Patient"]</msg>
<var>${BASE_PATH}</var>
<arg>//button[normalize-space()="${LABEL}"]</arg>
<doc>Returns the given values which can then be assigned to a variables.</doc>
<status status="PASS" start="2026-07-30T16:28:01.742254" elapsed="0.000330"/>
</kw>
<kw name="Set Variable" owner="BuiltIn">
<msg time="2026-07-30T16:28:01.742995" level="INFO">${BUTTON_PATH} = xpath=(//button[normalize-space()="Add Patient"])[1]</msg>
<var>${BUTTON_PATH}</var>
<arg>xpath=(${BASE_PATH})[${INDEX}]</arg>
<doc>Returns the given values which can then be assigned to a variables.</doc>
<status status="PASS" start="2026-07-30T16:28:01.742706" elapsed="0.000318"/>
</kw>
<kw name="Wait Until Element Is Visible" owner="SeleniumLibrary">
<arg>${BUTTON_PATH}</arg>
<arg>${TIMEOUT}</arg>
<doc>Waits until the element ``locator`` is visible.</doc>
<status status="PASS" start="2026-07-30T16:28:01.743150" elapsed="0.018709"/>
</kw>
<kw name="Click Button" owner="SeleniumLibrary">
<msg time="2026-07-30T16:28:01.762420" level="INFO">Clicking button 'xpath=(//button[normalize-space()="Add Patient"])[1]'.</msg>
<arg>${BUTTON_PATH}</arg>
<doc>Clicks the button identified by ``locator``.</doc>
<status status="PASS" start="2026-07-30T16:28:01.762144" elapsed="0.131509"/>
</kw>
<kw name="Log To Console" owner="BuiltIn">
<arg>Clicked button with label ${LABEL}</arg>
<doc>Logs the given message to the console.</doc>
<status status="PASS" start="2026-07-30T16:28:01.893922" elapsed="0.000752"/>
</kw>
<arg>${ADD_PATIENT_BTN}</arg>
<status status="PASS" start="2026-07-30T16:28:01.741985" elapsed="0.152863"/>
</kw>
<status status="PASS" start="2026-07-30T16:27:37.156477" elapsed="24.738474"/>
</kw>
<test id="s1-t1" name="TC1 - Validate Title is Mandatory" line="74">
<kw name="Validate Add Patient Flow">
<if>
<branch type="IF" condition="'${title}' != ''">
<kw name="Select Title" owner="add_patient_page">
<kw name="Dropdown With Label" owner="Dropdowns">
<kw name="Set Variable" owner="BuiltIn">
<msg time="2026-07-30T16:28:01.900192" level="INFO">${BASE_PATH} = //div[label[text()="Title"]]/following-sibling::</msg>
<var>${BASE_PATH}</var>
<arg>//div[label[text()="${LABEL}"]]/following-sibling::</arg>
<doc>Returns the given values which can then be assigned to a variables.</doc>
<status status="PASS" start="2026-07-30T16:28:01.899533" elapsed="0.000713"/>
</kw>
<kw name="Set Variable" owner="BuiltIn">
<msg time="2026-07-30T16:28:01.901087" level="INFO">${DROPDOWN_PATH} = xpath=(//div[label[text()="Title"]]/following-sibling::div/div/select)[1]</msg>
<var>${DROPDOWN_PATH}</var>
<arg>xpath=(${BASE_PATH}div/div/select)[${INDEX}]</arg>
<doc>Returns the given values which can then be assigned to a variables.</doc>
<status status="PASS" start="2026-07-30T16:28:01.900518" elapsed="0.000877"/>
</kw>
<kw name="Wait Until Element Is Visible" owner="SeleniumLibrary">
<arg>${DROPDOWN_PATH}</arg>
<arg>${TIMEOUT}</arg>
<doc>Waits until the element ``locator`` is visible.</doc>
<status status="PASS" start="2026-07-30T16:28:01.901768" elapsed="0.441774"/>
</kw>
<kw name="Select From List By Label" owner="SeleniumLibrary">
<msg time="2026-07-30T16:28:02.344334" level="INFO">Selecting options from selection list 'xpath=(//div[label[text()="Title"]]/following-sibling::div/div/select)[1]' by label Select.</msg>
<arg>${DROPDOWN_PATH}</arg>
<arg>${VALUE}</arg>
<doc>Selects options from selection list ``locator`` by ``labels``.</doc>
<status status="PASS" start="2026-07-30T16:28:02.343981" elapsed="0.455477"/>
</kw>
<arg>Title</arg>
<arg>${title}</arg>
<status status="PASS" start="2026-07-30T16:28:01.898910" elapsed="0.900682"/>
</kw>
<arg>${title}</arg>
<status status="PASS" start="2026-07-30T16:28:01.898484" elapsed="0.901185"/>
</kw>
<status status="PASS" start="2026-07-30T16:28:01.898122" elapsed="0.901589"/>
</branch>
<status status="PASS" start="2026-07-30T16:28:01.898076" elapsed="0.901688"/>
</if>
<if>
<branch type="IF" condition="'${first_name}' != ''">
<kw name="Enter First Name" owner="add_patient_page">
<arg>${first_name}</arg>
<status status="NOT RUN" start="2026-07-30T16:28:02.800153" elapsed="0.000076"/>
</kw>
<status status="NOT RUN" start="2026-07-30T16:28:02.799841" elapsed="0.000447"/>
</branch>
<status status="PASS" start="2026-07-30T16:28:02.799817" elapsed="0.000515"/>
</if>
<if>
<branch type="IF" condition="'${last_name}' != ''">
<kw name="Enter Last Name" owner="add_patient_page">
<arg>${last_name}</arg>
<status status="NOT RUN" start="2026-07-30T16:28:02.800638" elapsed="0.000033"/>
</kw>
<status status="NOT RUN" start="2026-07-30T16:28:02.800401" elapsed="0.000321"/>
</branch>
<status status="PASS" start="2026-07-30T16:28:02.800381" elapsed="0.000378"/>
</if>
<if>
<branch type="IF" condition="'${gender}' != ''">
<kw name="Select Gender" owner="add_patient_page">
<arg>${gender}</arg>
<status status="NOT RUN" start="2026-07-30T16:28:02.801016" elapsed="0.000033"/>
</kw>
<status status="NOT RUN" start="2026-07-30T16:28:02.800814" elapsed="0.000275"/>
</branch>
<status status="PASS" start="2026-07-30T16:28:02.800798" elapsed="0.000328"/>
</if>
<if>
<branch type="IF" condition="'${year}' != '' and '${month}' != '' and '${day}' != ''">
<kw name="Select Date Of Birth" owner="add_patient_page">
<arg>${year}</arg>
<arg>${month}</arg>
<arg>${day}</arg>
<status status="NOT RUN" start="2026-07-30T16:28:02.801429" elapsed="0.000033"/>
</kw>
<status status="NOT RUN" start="2026-07-30T16:28:02.801180" elapsed="0.000328"/>
</branch>
<status status="PASS" start="2026-07-30T16:28:02.801164" elapsed="0.000381"/>
</if>
<if>
<branch type="IF" condition="'${mobile_code}' != ''">
<kw name="Select Mobile Code" owner="add_patient_page">
<arg>${mobile_code}</arg>
<status status="NOT RUN" start="2026-07-30T16:28:02.801798" elapsed="0.000032"/>
</kw>
<status status="NOT RUN" start="2026-07-30T16:28:02.801600" elapsed="0.000271"/>
</branch>
<status status="PASS" start="2026-07-30T16:28:02.801584" elapsed="0.000322"/>
</if>
<if>
<branch type="IF" condition="'${mobile}' != ''">
<kw name="Enter Mobile" owner="add_patient_page">
<arg>${mobile}</arg>
<status status="NOT RUN" start="2026-07-30T16:28:02.802175" elapsed="0.000032"/>
</kw>
<status status="NOT RUN" start="2026-07-30T16:28:02.801972" elapsed="0.000275"/>
</branch>
<status status="PASS" start="2026-07-30T16:28:02.801956" elapsed="0.000327"/>
</if>
<kw name="Sleep" owner="BuiltIn">
<msg time="2026-07-30T16:28:07.803088" level="INFO">Slept 5 seconds.</msg>
<arg>5s</arg>
<doc>Pauses the test executed for the given time.</doc>
<status status="PASS" start="2026-07-30T16:28:02.802385" elapsed="5.001070"/>
</kw>
<if>
<branch type="IF" condition="'${email}' != ''">
<kw name="Enter Email" owner="add_patient_page">
<arg>${email}</arg>
<status status="NOT RUN" start="2026-07-30T16:28:07.805049" elapsed="0.000171"/>
</kw>
<status status="NOT RUN" start="2026-07-30T16:28:07.803911" elapsed="0.001518"/>
</branch>
<status status="PASS" start="2026-07-30T16:28:07.803813" elapsed="0.001795"/>
</if>
<if>
<branch type="IF" condition="'${address}' != ''">
<kw name="Enter Address" owner="add_patient_page">
<arg>${address}</arg>
<status status="NOT RUN" start="2026-07-30T16:28:07.806878" elapsed="0.000158"/>
</kw>
<status status="NOT RUN" start="2026-07-30T16:28:07.805865" elapsed="0.001363"/>
</branch>
<status status="PASS" start="2026-07-30T16:28:07.805790" elapsed="0.001611"/>
</if>
<if>
<branch type="IF" condition="'${suburb}' != ''">
<kw name="Enter Suburb" owner="add_patient_page">
<arg>${suburb}</arg>
<status status="NOT RUN" start="2026-07-30T16:28:07.808642" elapsed="0.000194"/>
</kw>
<status status="NOT RUN" start="2026-07-30T16:28:07.807659" elapsed="0.001370"/>
</branch>
<status status="PASS" start="2026-07-30T16:28:07.807582" elapsed="0.001617"/>
</if>
<if>
<branch type="IF" condition="'${state}' != ''">
<kw name="Enter State" owner="add_patient_page">
<arg>${state}</arg>
<status status="NOT RUN" start="2026-07-30T16:28:07.810380" elapsed="0.000151"/>
</kw>
<status status="NOT RUN" start="2026-07-30T16:28:07.809451" elapsed="0.001272"/>
</branch>
<status status="PASS" start="2026-07-30T16:28:07.809376" elapsed="0.001568"/>
</if>
<if>
<branch type="IF" condition="'${postal}' != ''">
<kw name="Enter Postal Code" owner="add_patient_page">
<arg>${postal}</arg>
<status status="NOT RUN" start="2026-07-30T16:28:07.812127" elapsed="0.000152"/>
</kw>
<status status="NOT RUN" start="2026-07-30T16:28:07.811199" elapsed="0.001272"/>
</branch>
<status status="PASS" start="2026-07-30T16:28:07.811126" elapsed="0.001514"/>
</if>
<if>
<branch type="IF" condition="'${ec_name}' != ''">
<kw name="Enter Emergency Contact Name" owner="add_patient_page">
<arg>${ec_name}</arg>
<status status="NOT RUN" start="2026-07-30T16:28:07.813861" elapsed="0.000149"/>
</kw>
<status status="NOT RUN" start="2026-07-30T16:28:07.812932" elapsed="0.001287"/>
</branch>
<status status="PASS" start="2026-07-30T16:28:07.812856" elapsed="0.001536"/>
</if>
<if>
<branch type="IF" condition="'${ec_gender}' != ''">
<kw name="Select Emergency Contact Gender" owner="add_patient_page">
<arg>${ec_gender}</arg>
<status status="NOT RUN" start="2026-07-30T16:28:07.815668" elapsed="0.000149"/>
</kw>
<status status="NOT RUN" start="2026-07-30T16:28:07.814659" elapsed="0.001348"/>
</branch>
<status status="PASS" start="2026-07-30T16:28:07.814584" elapsed="0.001593"/>
</if>
<if>
<branch type="IF" condition="'${ec_mobile_code}' != ''">
<kw name="Select Mobile Code" owner="add_patient_page">
<arg>${ec_mobile_code}</arg>
<arg>2</arg>
<status status="NOT RUN" start="2026-07-30T16:28:07.817409" elapsed="0.000151"/>
</kw>
<status status="NOT RUN" start="2026-07-30T16:28:07.816426" elapsed="0.001337"/>
</branch>
<status status="PASS" start="2026-07-30T16:28:07.816355" elapsed="0.001583"/>
</if>
<if>
<branch type="IF" condition="'${ec_mobile}' != ''">
<kw name="Enter Emergency Contact Mobile" owner="add_patient_page">
<arg>${ec_mobile}</arg>
<status status="NOT RUN" start="2026-07-30T16:28:07.819169" elapsed="0.000155"/>
</kw>
<status status="NOT RUN" start="2026-07-30T16:28:07.818193" elapsed="0.001320"/>
</branch>
<status status="PASS" start="2026-07-30T16:28:07.818120" elapsed="0.001563"/>
</if>
<kw name="Click Save" owner="add_patient_page">
<kw name="Button Click" owner="Buttons">
<kw name="Set Variable" owner="BuiltIn">
<msg time="2026-07-30T16:28:07.823347" level="INFO">${BASE_PATH} = //button[normalize-space()="Save"]</msg>
<var>${BASE_PATH}</var>
<arg>//button[normalize-space()="${LABEL}"]</arg>
<doc>Returns the given values which can then be assigned to a variables.</doc>
<status status="PASS" start="2026-07-30T16:28:07.822300" elapsed="0.001153"/>
</kw>
<kw name="Set Variable" owner="BuiltIn">
<msg time="2026-07-30T16:28:07.824861" level="INFO">${BUTTON_PATH} = xpath=(//button[normalize-space()="Save"])[1]</msg>
<var>${BUTTON_PATH}</var>
<arg>xpath=(${BASE_PATH})[${INDEX}]</arg>
<doc>Returns the given values which can then be assigned to a variables.</doc>
<status status="PASS" start="2026-07-30T16:28:07.823870" elapsed="0.001127"/>
</kw>
<kw name="Wait Until Element Is Visible" owner="SeleniumLibrary">
<arg>${BUTTON_PATH}</arg>
<arg>${TIMEOUT}</arg>
<doc>Waits until the element ``locator`` is visible.</doc>
<status status="PASS" start="2026-07-30T16:28:07.825513" elapsed="0.023350"/>
</kw>
<kw name="Click Button" owner="SeleniumLibrary">
<msg time="2026-07-30T16:28:07.849270" level="INFO">Clicking button 'xpath=(//button[normalize-space()="Save"])[1]'.</msg>
<arg>${BUTTON_PATH}</arg>
<doc>Clicks the button identified by ``locator``.</doc>
<status status="PASS" start="2026-07-30T16:28:07.849056" elapsed="0.092562"/>
</kw>
<kw name="Log To Console" owner="BuiltIn">
<arg>Clicked button with label ${LABEL}</arg>
<doc>Logs the given message to the console.</doc>
<status status="PASS" start="2026-07-30T16:28:07.941886" elapsed="0.000651"/>
</kw>
<arg>${Save_BTN}</arg>
<status status="PASS" start="2026-07-30T16:28:07.821345" elapsed="0.121348"/>
</kw>
<kw name="Log To Console" owner="BuiltIn">
<arg>Clicked Save Button</arg>
<doc>Logs the given message to the console.</doc>
<status status="PASS" start="2026-07-30T16:28:07.942926" elapsed="0.000512"/>
</kw>
<status status="PASS" start="2026-07-30T16:28:07.820235" elapsed="0.123336"/>
</kw>
<if>
<branch type="IF" condition="'${expected_message}' == 'Patient registered successfully'">
<kw name="Success Alert Should Be" owner="status_label_page">
<arg>${expected_message}</arg>
<status status="NOT RUN" start="2026-07-30T16:28:07.943966" elapsed="0.000037"/>
</kw>
<status status="NOT RUN" start="2026-07-30T16:28:07.943679" elapsed="0.000366"/>
</branch>
<branch type="ELSE">
<kw name="Error Alert Should Be" owner="status_label_page">
<kw name="Run Keyword And Return Status" owner="BuiltIn">
<kw name="Wait Until Element Is Visible" owner="SeleniumLibrary">
<arg>xpath=${ERROR_ALERT}</arg>
<arg>2s</arg>
<doc>Waits until the element ``locator`` is visible.</doc>
<status status="PASS" start="2026-07-30T16:28:07.944950" elapsed="0.021559"/>
</kw>
<msg time="2026-07-30T16:28:07.966664" level="INFO">${toast_exists} = True</msg>
<var>${toast_exists}</var>
<arg>Wait Until Element Is Visible</arg>
<arg>xpath=${ERROR_ALERT}</arg>
<arg>2s</arg>
<doc>Runs the specified keyword and returns the status as a Boolean value.</doc>
<status status="PASS" start="2026-07-30T16:28:07.944621" elapsed="0.022074"/>
</kw>
<if>
<branch type="IF" condition="${toast_exists}">
<kw name="Run Keyword And Return Status" owner="BuiltIn">
<kw name="Page Should Contain Element" owner="SeleniumLibrary">
<msg time="2026-07-30T16:28:10.159016" level="INFO" html="true">&lt;/td&gt;&lt;/tr&gt;&lt;tr&gt;&lt;td colspan="3"&gt;&lt;a href="selenium-screenshot-1239.png"&gt;&lt;img src="selenium-screenshot-1239.png" width="800px"&gt;&lt;/a&gt;</msg>
<msg time="2026-07-30T16:28:10.159151" level="FAIL">Page should have contained element 'xpath=//div[contains(@class,'toast') and contains(@class,'bg-red-50')]//p' but did not.</msg>
<arg>xpath=${ERROR_ALERTS}//p</arg>
<doc>Verifies that element ``locator`` is found on the current page.</doc>
<status status="FAIL" start="2026-07-30T16:28:07.967327" elapsed="2.192631">Page should have contained element 'xpath=//div[contains(@class,'toast') and contains(@class,'bg-red-50')]//p' but did not.</status>
</kw>
<msg time="2026-07-30T16:28:10.160114" level="INFO">${single} = False</msg>
<var>${single}</var>
<arg>Page Should Contain Element</arg>
<arg>xpath=${ERROR_ALERTS}//p</arg>
<doc>Runs the specified keyword and returns the status as a Boolean value.</doc>
<status status="PASS" start="2026-07-30T16:28:07.966993" elapsed="2.193150"/>
</kw>
<if>
<branch type="IF" condition="${single}">
<kw name="Get Error Alert Message" owner="status_label_page">
<var>${actual}</var>
<status status="NOT RUN" start="2026-07-30T16:28:10.160520" elapsed="0.000036"/>
</kw>
<kw name="Should Be Equal As Strings" owner="BuiltIn">
<arg>${actual}</arg>
<arg>${expected}</arg>
<doc>Fails if objects are unequal after converting them to strings.</doc>
<status status="NOT RUN" start="2026-07-30T16:28:10.160682" elapsed="0.000031"/>
</kw>
<status status="NOT RUN" start="2026-07-30T16:28:10.160246" elapsed="0.000510"/>
</branch>
<branch type="ELSE">
<kw name="Get Error Alert Bullet Messages" owner="status_label_page">
<kw name="Wait For Error Alert" owner="status_label_page">
<kw name="Wait Until Keyword Succeeds" owner="BuiltIn">
<kw name="Element Should Be Visible" owner="SeleniumLibrary">
<msg time="2026-07-30T16:28:10.174484" level="INFO">Element '(//div[contains(@class,'toast') and contains(@class,'bg-red-50')])[1]' is displayed.</msg>
<arg>${ERROR_ALERT}</arg>
<doc>Verifies that the element identified by ``locator`` is visible.</doc>
<status status="PASS" start="2026-07-30T16:28:10.161866" elapsed="0.012727"/>
</kw>
<arg>5x</arg>
<arg>1s</arg>
<arg>Element Should Be Visible</arg>
<arg>${ERROR_ALERT}</arg>
<doc>Runs the specified keyword and retries if it fails.</doc>
<status status="PASS" start="2026-07-30T16:28:10.161489" elapsed="0.013199"/>
</kw>
<kw name="Sleep" owner="BuiltIn">
<msg time="2026-07-30T16:28:10.675537" level="INFO">Slept 500 milliseconds.</msg>
<arg>500ms</arg>
<doc>Pauses the test executed for the given time.</doc>
<status status="PASS" start="2026-07-30T16:28:10.174853" elapsed="0.500837"/>
</kw>
<status status="PASS" start="2026-07-30T16:28:10.161267" elapsed="0.514558"/>
</kw>
<kw name="Get WebElements" owner="SeleniumLibrary">
<msg time="2026-07-30T16:28:10.699100" level="INFO">@{elements} = [ &lt;selenium.webdriver.remote.webelement.WebElement (session="205516a76cfd3bff95b9f303d9973ba6", element="f.D4F9284179F1EA09FB73396DC3F46527.d.79A8044E62788B07D1B7D7E03060394B.e.1238")&gt; | &lt;selenium.web...</msg>
<var>@{elements}</var>
<arg>xpath=${ERROR_ALERTS}//li</arg>
<doc>Returns a list of WebElement objects matching the ``locator``.</doc>
<status status="PASS" start="2026-07-30T16:28:10.676024" elapsed="0.023127"/>
</kw>
<kw name="Create List" owner="BuiltIn">
<msg time="2026-07-30T16:28:10.699643" level="INFO">@{messages} = [ ]</msg>
<var>@{messages}</var>
<doc>Returns a list containing given items.</doc>
<status status="PASS" start="2026-07-30T16:28:10.699326" elapsed="0.000349"/>
</kw>
<for flavor="IN">
<iter>
<kw name="Get Text" owner="SeleniumLibrary">
<msg time="2026-07-30T16:28:10.711194" level="INFO">${text} = Please select a title.</msg>
<var>${text}</var>
<arg>${element}</arg>
<doc>Returns the text value of the element identified by ``locator``.</doc>
<status status="PASS" start="2026-07-30T16:28:10.700101" elapsed="0.011140"/>
</kw>
<kw name="Strip String" owner="String">
<msg time="2026-07-30T16:28:10.711619" level="INFO">${text} = Please select a title.</msg>
<var>${text}</var>
<arg>${text}</arg>
<doc>Remove leading and/or trailing whitespaces from the given string.</doc>
<status status="PASS" start="2026-07-30T16:28:10.711416" elapsed="0.000233"/>
</kw>
<if>
<branch type="IF" condition="'${text}' != ''">
<kw name="Append To List" owner="Collections">
<arg>${messages}</arg>
<arg>${text}</arg>
<doc>Adds ``values`` to the end of ``list``.</doc>
<status status="PASS" start="2026-07-30T16:28:10.711945" elapsed="0.000210"/>
</kw>
<status status="PASS" start="2026-07-30T16:28:10.711744" elapsed="0.000463"/>
</branch>
<status status="PASS" start="2026-07-30T16:28:10.711720" elapsed="0.000531"/>
</if>
<var name="${element}">&lt;selenium.webdriver.remote.webelement.WebElement (session="205516a76cfd3bff95b9f303d9973ba6", element="f.D4F9284179F1EA09FB73396DC3F46527.d.79A8044E62788B07D1B7D7E03060394B.e.1238")&gt;</var>
<status status="PASS" start="2026-07-30T16:28:10.699971" elapsed="0.012304"/>
</iter>
<iter>
<kw name="Get Text" owner="SeleniumLibrary">
<msg time="2026-07-30T16:28:10.719057" level="INFO">${text} = Please enter a first name.</msg>
<var>${text}</var>
<arg>${element}</arg>
<doc>Returns the text value of the element identified by ``locator``.</doc>
<status status="PASS" start="2026-07-30T16:28:10.712563" elapsed="0.006539"/>
</kw>
<kw name="Strip String" owner="String">
<msg time="2026-07-30T16:28:10.719515" level="INFO">${text} = Please enter a first name.</msg>
<var>${text}</var>
<arg>${text}</arg>
<doc>Remove leading and/or trailing whitespaces from the given string.</doc>
<status status="PASS" start="2026-07-30T16:28:10.719311" elapsed="0.000234"/>
</kw>
<if>
<branch type="IF" condition="'${text}' != ''">
<kw name="Append To List" owner="Collections">
<arg>${messages}</arg>
<arg>${text}</arg>
<doc>Adds ``values`` to the end of ``list``.</doc>
<status status="PASS" start="2026-07-30T16:28:10.719834" elapsed="0.000187"/>
</kw>
<status status="PASS" start="2026-07-30T16:28:10.719635" elapsed="0.000438"/>
</branch>
<status status="PASS" start="2026-07-30T16:28:10.719613" elapsed="0.000502"/>
</if>
<var name="${element}">&lt;selenium.webdriver.remote.webelement.WebElement (session="205516a76cfd3bff95b9f303d9973ba6", element="f.D4F9284179F1EA09FB73396DC3F46527.d.79A8044E62788B07D1B7D7E03060394B.e.1236")&gt;</var>
<status status="PASS" start="2026-07-30T16:28:10.712434" elapsed="0.007706"/>
</iter>
<iter>
<kw name="Get Text" owner="SeleniumLibrary">
<msg time="2026-07-30T16:28:10.726891" level="INFO">${text} = Please enter a last name.</msg>
<var>${text}</var>
<arg>${element}</arg>
<doc>Returns the text value of the element identified by ``locator``.</doc>
<status status="PASS" start="2026-07-30T16:28:10.720420" elapsed="0.006518"/>
</kw>
<kw name="Strip String" owner="String">
<msg time="2026-07-30T16:28:10.727357" level="INFO">${text} = Please enter a last name.</msg>
<var>${text}</var>
<arg>${text}</arg>
<doc>Remove leading and/or trailing whitespaces from the given string.</doc>
<status status="PASS" start="2026-07-30T16:28:10.727139" elapsed="0.000250"/>
</kw>
<if>
<branch type="IF" condition="'${text}' != ''">
<kw name="Append To List" owner="Collections">
<arg>${messages}</arg>
<arg>${text}</arg>
<doc>Adds ``values`` to the end of ``list``.</doc>
<status status="PASS" start="2026-07-30T16:28:10.727699" elapsed="0.000198"/>
</kw>
<status status="PASS" start="2026-07-30T16:28:10.727489" elapsed="0.000463"/>
</branch>
<status status="PASS" start="2026-07-30T16:28:10.727466" elapsed="0.000528"/>
</if>
<var name="${element}">&lt;selenium.webdriver.remote.webelement.WebElement (session="205516a76cfd3bff95b9f303d9973ba6", element="f.D4F9284179F1EA09FB73396DC3F46527.d.79A8044E62788B07D1B7D7E03060394B.e.1239")&gt;</var>
<status status="PASS" start="2026-07-30T16:28:10.720298" elapsed="0.007721"/>
</iter>
<iter>
<kw name="Get Text" owner="SeleniumLibrary">
<msg time="2026-07-30T16:28:10.734948" level="INFO">${text} = Please select a gender.</msg>
<var>${text}</var>
<arg>${element}</arg>
<doc>Returns the text value of the element identified by ``locator``.</doc>
<status status="PASS" start="2026-07-30T16:28:10.728307" elapsed="0.006686"/>
</kw>
<kw name="Strip String" owner="String">
<msg time="2026-07-30T16:28:10.735376" level="INFO">${text} = Please select a gender.</msg>
<var>${text}</var>
<arg>${text}</arg>
<doc>Remove leading and/or trailing whitespaces from the given string.</doc>
<status status="PASS" start="2026-07-30T16:28:10.735174" elapsed="0.000242"/>
</kw>
<if>
<branch type="IF" condition="'${text}' != ''">
<kw name="Append To List" owner="Collections">
<arg>${messages}</arg>
<arg>${text}</arg>
<doc>Adds ``values`` to the end of ``list``.</doc>
<status status="PASS" start="2026-07-30T16:28:10.735710" elapsed="0.000187"/>
</kw>
<status status="PASS" start="2026-07-30T16:28:10.735509" elapsed="0.000442"/>
</branch>
<status status="PASS" start="2026-07-30T16:28:10.735487" elapsed="0.000505"/>
</if>
<var name="${element}">&lt;selenium.webdriver.remote.webelement.WebElement (session="205516a76cfd3bff95b9f303d9973ba6", element="f.D4F9284179F1EA09FB73396DC3F46527.d.79A8044E62788B07D1B7D7E03060394B.e.1240")&gt;</var>
<status status="PASS" start="2026-07-30T16:28:10.728194" elapsed="0.007823"/>
</iter>
<iter>
<kw name="Get Text" owner="SeleniumLibrary">
<msg time="2026-07-30T16:28:10.742720" level="INFO">${text} = Please enter a date of birth.</msg>
<var>${text}</var>
<arg>${element}</arg>
<doc>Returns the text value of the element identified by ``locator``.</doc>
<status status="PASS" start="2026-07-30T16:28:10.736285" elapsed="0.006487"/>
</kw>
<kw name="Strip String" owner="String">
<msg time="2026-07-30T16:28:10.743182" level="INFO">${text} = Please enter a date of birth.</msg>
<var>${text}</var>
<arg>${text}</arg>
<doc>Remove leading and/or trailing whitespaces from the given string.</doc>
<status status="PASS" start="2026-07-30T16:28:10.742963" elapsed="0.000258"/>
</kw>
<if>
<branch type="IF" condition="'${text}' != ''">
<kw name="Append To List" owner="Collections">
<arg>${messages}</arg>
<arg>${text}</arg>
<doc>Adds ``values`` to the end of ``list``.</doc>
<status status="PASS" start="2026-07-30T16:28:10.743547" elapsed="0.000211"/>
</kw>
<status status="PASS" start="2026-07-30T16:28:10.743323" elapsed="0.000492"/>
</branch>
<status status="PASS" start="2026-07-30T16:28:10.743299" elapsed="0.000559"/>
</if>
<var name="${element}">&lt;selenium.webdriver.remote.webelement.WebElement (session="205516a76cfd3bff95b9f303d9973ba6", element="f.D4F9284179F1EA09FB73396DC3F46527.d.79A8044E62788B07D1B7D7E03060394B.e.1241")&gt;</var>
<status status="PASS" start="2026-07-30T16:28:10.736165" elapsed="0.007720"/>
</iter>
<iter>
<kw name="Get Text" owner="SeleniumLibrary">
<msg time="2026-07-30T16:28:10.751468" level="INFO">${text} = Please enter a mobile number.</msg>
<var>${text}</var>
<arg>${element}</arg>
<doc>Returns the text value of the element identified by ``locator``.</doc>
<status status="PASS" start="2026-07-30T16:28:10.744187" elapsed="0.007332"/>
</kw>
<kw name="Strip String" owner="String">
<msg time="2026-07-30T16:28:10.751920" level="INFO">${text} = Please enter a mobile number.</msg>
<var>${text}</var>
<arg>${text}</arg>
<doc>Remove leading and/or trailing whitespaces from the given string.</doc>
<status status="PASS" start="2026-07-30T16:28:10.751708" elapsed="0.000242"/>
</kw>
<if>
<branch type="IF" condition="'${text}' != ''">
<kw name="Append To List" owner="Collections">
<arg>${messages}</arg>
<arg>${text}</arg>
<doc>Adds ``values`` to the end of ``list``.</doc>
<status status="PASS" start="2026-07-30T16:28:10.752254" elapsed="0.000206"/>
</kw>
<status status="PASS" start="2026-07-30T16:28:10.752046" elapsed="0.000468"/>
</branch>
<status status="PASS" start="2026-07-30T16:28:10.752023" elapsed="0.000532"/>
</if>
<var name="${element}">&lt;selenium.webdriver.remote.webelement.WebElement (session="205516a76cfd3bff95b9f303d9973ba6", element="f.D4F9284179F1EA09FB73396DC3F46527.d.79A8044E62788B07D1B7D7E03060394B.e.1242")&gt;</var>
<status status="PASS" start="2026-07-30T16:28:10.744054" elapsed="0.008526"/>
</iter>
<iter>
<kw name="Get Text" owner="SeleniumLibrary">
<msg time="2026-07-30T16:28:10.760964" level="INFO">${text} = Please enter an email address.</msg>
<var>${text}</var>
<arg>${element}</arg>
<doc>Returns the text value of the element identified by ``locator``.</doc>
<status status="PASS" start="2026-07-30T16:28:10.752866" elapsed="0.008167"/>
</kw>
<kw name="Strip String" owner="String">
<msg time="2026-07-30T16:28:10.761519" level="INFO">${text} = Please enter an email address.</msg>
<var>${text}</var>
<arg>${text}</arg>
<doc>Remove leading and/or trailing whitespaces from the given string.</doc>
<status status="PASS" start="2026-07-30T16:28:10.761291" elapsed="0.000258"/>
</kw>
<if>
<branch type="IF" condition="'${text}' != ''">
<kw name="Append To List" owner="Collections">
<arg>${messages}</arg>
<arg>${text}</arg>
<doc>Adds ``values`` to the end of ``list``.</doc>
<status status="PASS" start="2026-07-30T16:28:10.761862" elapsed="0.000204"/>
</kw>
<status status="PASS" start="2026-07-30T16:28:10.761648" elapsed="0.000472"/>
</branch>
<status status="PASS" start="2026-07-30T16:28:10.761624" elapsed="0.000566"/>
</if>
<var name="${element}">&lt;selenium.webdriver.remote.webelement.WebElement (session="205516a76cfd3bff95b9f303d9973ba6", element="f.D4F9284179F1EA09FB73396DC3F46527.d.79A8044E62788B07D1B7D7E03060394B.e.1243")&gt;</var>
<status status="PASS" start="2026-07-30T16:28:10.752736" elapsed="0.009481"/>
</iter>
<iter>
<kw name="Get Text" owner="SeleniumLibrary">
<msg time="2026-07-30T16:28:10.770009" level="INFO">${text} = Please enter an address.</msg>
<var>${text}</var>
<arg>${element}</arg>
<doc>Returns the text value of the element identified by ``locator``.</doc>
<status status="PASS" start="2026-07-30T16:28:10.762487" elapsed="0.007569"/>
</kw>
<kw name="Strip String" owner="String">
<msg time="2026-07-30T16:28:10.770452" level="INFO">${text} = Please enter an address.</msg>
<var>${text}</var>
<arg>${text}</arg>
<doc>Remove leading and/or trailing whitespaces from the given string.</doc>
<status status="PASS" start="2026-07-30T16:28:10.770244" elapsed="0.000238"/>
</kw>
<if>
<branch type="IF" condition="'${text}' != ''">
<kw name="Append To List" owner="Collections">
<arg>${messages}</arg>
<arg>${text}</arg>
<doc>Adds ``values`` to the end of ``list``.</doc>
<status status="PASS" start="2026-07-30T16:28:10.770782" elapsed="0.000185"/>
</kw>
<status status="PASS" start="2026-07-30T16:28:10.770578" elapsed="0.000443"/>
</branch>
<status status="PASS" start="2026-07-30T16:28:10.770553" elapsed="0.000509"/>
</if>
<var name="${element}">&lt;selenium.webdriver.remote.webelement.WebElement (session="205516a76cfd3bff95b9f303d9973ba6", element="f.D4F9284179F1EA09FB73396DC3F46527.d.79A8044E62788B07D1B7D7E03060394B.e.1244")&gt;</var>
<status status="PASS" start="2026-07-30T16:28:10.762373" elapsed="0.008714"/>
</iter>
<iter>
<kw name="Get Text" owner="SeleniumLibrary">
<msg time="2026-07-30T16:28:10.778692" level="INFO">${text} = Please select a state.</msg>
<var>${text}</var>
<arg>${element}</arg>
<doc>Returns the text value of the element identified by ``locator``.</doc>
<status status="PASS" start="2026-07-30T16:28:10.771357" elapsed="0.007384"/>
</kw>
<kw name="Strip String" owner="String">
<msg time="2026-07-30T16:28:10.779160" level="INFO">${text} = Please select a state.</msg>
<var>${text}</var>
<arg>${text}</arg>
<doc>Remove leading and/or trailing whitespaces from the given string.</doc>
<status status="PASS" start="2026-07-30T16:28:10.778934" elapsed="0.000257"/>
</kw>
<if>
<branch type="IF" condition="'${text}' != ''">
<kw name="Append To List" owner="Collections">
<arg>${messages}</arg>
<arg>${text}</arg>
<doc>Adds ``values`` to the end of ``list``.</doc>
<status status="PASS" start="2026-07-30T16:28:10.779514" elapsed="0.000217"/>
</kw>
<status status="PASS" start="2026-07-30T16:28:10.779291" elapsed="0.000496"/>
</branch>
<status status="PASS" start="2026-07-30T16:28:10.779265" elapsed="0.000568"/>
</if>
<var name="${element}">&lt;selenium.webdriver.remote.webelement.WebElement (session="205516a76cfd3bff95b9f303d9973ba6", element="f.D4F9284179F1EA09FB73396DC3F46527.d.79A8044E62788B07D1B7D7E03060394B.e.1245")&gt;</var>
<status status="PASS" start="2026-07-30T16:28:10.771235" elapsed="0.008625"/>
</iter>
<iter>
<kw name="Get Text" owner="SeleniumLibrary">
<msg time="2026-07-30T16:28:10.787466" level="INFO">${text} = Please enter a suburb.</msg>
<var>${text}</var>
<arg>${element}</arg>
<doc>Returns the text value of the element identified by ``locator``.</doc>
<status status="PASS" start="2026-07-30T16:28:10.780150" elapsed="0.007362"/>
</kw>
<kw name="Strip String" owner="String">
<msg time="2026-07-30T16:28:10.788017" level="INFO">${text} = Please enter a suburb.</msg>
<var>${text}</var>
<arg>${text}</arg>
<doc>Remove leading and/or trailing whitespaces from the given string.</doc>
<status status="PASS" start="2026-07-30T16:28:10.787705" elapsed="0.000345"/>
</kw>
<if>
<branch type="IF" condition="'${text}' != ''">
<kw name="Append To List" owner="Collections">
<arg>${messages}</arg>
<arg>${text}</arg>
<doc>Adds ``values`` to the end of ``list``.</doc>
<status status="PASS" start="2026-07-30T16:28:10.788370" elapsed="0.000204"/>
</kw>
<status status="PASS" start="2026-07-30T16:28:10.788151" elapsed="0.000478"/>
</branch>
<status status="PASS" start="2026-07-30T16:28:10.788125" elapsed="0.000547"/>
</if>
<var name="${element}">&lt;selenium.webdriver.remote.webelement.WebElement (session="205516a76cfd3bff95b9f303d9973ba6", element="f.D4F9284179F1EA09FB73396DC3F46527.d.79A8044E62788B07D1B7D7E03060394B.e.1246")&gt;</var>
<status status="PASS" start="2026-07-30T16:28:10.780030" elapsed="0.008668"/>
</iter>
<iter>
<kw name="Get Text" owner="SeleniumLibrary">
<msg time="2026-07-30T16:28:10.797543" level="INFO">${text} = Please enter a postal code.</msg>
<var>${text}</var>
<arg>${element}</arg>
<doc>Returns the text value of the element identified by ``locator``.</doc>
<status status="PASS" start="2026-07-30T16:28:10.788976" elapsed="0.008629"/>
</kw>
<kw name="Strip String" owner="String">
<msg time="2026-07-30T16:28:10.798110" level="INFO">${text} = Please enter a postal code.</msg>
<var>${text}</var>
<arg>${text}</arg>
<doc>Remove leading and/or trailing whitespaces from the given string.</doc>
<status status="PASS" start="2026-07-30T16:28:10.797850" elapsed="0.000295"/>
</kw>
<if>
<branch type="IF" condition="'${text}' != ''">
<kw name="Append To List" owner="Collections">
<arg>${messages}</arg>
<arg>${text}</arg>
<doc>Adds ``values`` to the end of ``list``.</doc>
<status status="PASS" start="2026-07-30T16:28:10.798490" elapsed="0.000210"/>
</kw>
<status status="PASS" start="2026-07-30T16:28:10.798254" elapsed="0.000517"/>
</branch>
<status status="PASS" start="2026-07-30T16:28:10.798227" elapsed="0.000591"/>
</if>
<var name="${element}">&lt;selenium.webdriver.remote.webelement.WebElement (session="205516a76cfd3bff95b9f303d9973ba6", element="f.D4F9284179F1EA09FB73396DC3F46527.d.79A8044E62788B07D1B7D7E03060394B.e.1247")&gt;</var>
<status status="PASS" start="2026-07-30T16:28:10.788852" elapsed="0.009992"/>
</iter>
<iter>
<kw name="Get Text" owner="SeleniumLibrary">
<msg time="2026-07-30T16:28:10.807067" level="INFO">${text} = Please enter a emergency contact person name.</msg>
<var>${text}</var>
<arg>${element}</arg>
<doc>Returns the text value of the element identified by ``locator``.</doc>
<status status="PASS" start="2026-07-30T16:28:10.799151" elapsed="0.007971"/>
</kw>
<kw name="Strip String" owner="String">
<msg time="2026-07-30T16:28:10.807572" level="INFO">${text} = Please enter a emergency contact person name.</msg>
<var>${text}</var>
<arg>${text}</arg>
<doc>Remove leading and/or trailing whitespaces from the given string.</doc>
<status status="PASS" start="2026-07-30T16:28:10.807341" elapsed="0.000261"/>
</kw>
<if>
<branch type="IF" condition="'${text}' != ''">
<kw name="Append To List" owner="Collections">
<arg>${messages}</arg>
<arg>${text}</arg>
<doc>Adds ``values`` to the end of ``list``.</doc>
<status status="PASS" start="2026-07-30T16:28:10.807942" elapsed="0.000225"/>
</kw>
<status status="PASS" start="2026-07-30T16:28:10.807699" elapsed="0.000526"/>
</branch>
<status status="PASS" start="2026-07-30T16:28:10.807675" elapsed="0.000614"/>
</if>
<var name="${element}">&lt;selenium.webdriver.remote.webelement.WebElement (session="205516a76cfd3bff95b9f303d9973ba6", element="f.D4F9284179F1EA09FB73396DC3F46527.d.79A8044E62788B07D1B7D7E03060394B.e.1248")&gt;</var>
<status status="PASS" start="2026-07-30T16:28:10.799031" elapsed="0.009286"/>
</iter>
<iter>
<kw name="Get Text" owner="SeleniumLibrary">
<msg time="2026-07-30T16:28:10.817232" level="INFO">${text} = Please select a gender.</msg>
<var>${text}</var>
<arg>${element}</arg>
<doc>Returns the text value of the element identified by ``locator``.</doc>
<status status="PASS" start="2026-07-30T16:28:10.808644" elapsed="0.008650"/>
</kw>
<kw name="Strip String" owner="String">
<msg time="2026-07-30T16:28:10.818073" level="INFO">${text} = Please select a gender.</msg>
<var>${text}</var>
<arg>${text}</arg>
<doc>Remove leading and/or trailing whitespaces from the given string.</doc>
<status status="PASS" start="2026-07-30T16:28:10.817569" elapsed="0.000644"/>
</kw>
<if>
<branch type="IF" condition="'${text}' != ''">
<kw name="Append To List" owner="Collections">
<arg>${messages}</arg>
<arg>${text}</arg>
<doc>Adds ``values`` to the end of ``list``.</doc>
<status status="PASS" start="2026-07-30T16:28:10.818954" elapsed="0.000273"/>
</kw>
<status status="PASS" start="2026-07-30T16:28:10.818470" elapsed="0.000810"/>
</branch>
<status status="PASS" start="2026-07-30T16:28:10.818402" elapsed="0.000937"/>
</if>
<var name="${element}">&lt;selenium.webdriver.remote.webelement.WebElement (session="205516a76cfd3bff95b9f303d9973ba6", element="f.D4F9284179F1EA09FB73396DC3F46527.d.79A8044E62788B07D1B7D7E03060394B.e.1249")&gt;</var>
<status status="PASS" start="2026-07-30T16:28:10.808502" elapsed="0.010872"/>
</iter>
<iter>
<kw name="Get Text" owner="SeleniumLibrary">
<msg time="2026-07-30T16:28:10.827250" level="INFO">${text} = Please enter a emergency contact mobile number.</msg>
<var>${text}</var>
<arg>${element}</arg>
<doc>Returns the text value of the element identified by ``locator``.</doc>
<status status="PASS" start="2026-07-30T16:28:10.819650" elapsed="0.007774"/>
</kw>
<kw name="Strip String" owner="String">
<msg time="2026-07-30T16:28:10.828131" level="INFO">${text} = Please enter a emergency contact mobile number.</msg>
<var>${text}</var>
<arg>${text}</arg>
<doc>Remove leading and/or trailing whitespaces from the given string.</doc>
<status status="PASS" start="2026-07-30T16:28:10.827760" elapsed="0.000411"/>
</kw>
<if>
<branch type="IF" condition="'${text}' != ''">
<kw name="Append To List" owner="Collections">
<arg>${messages}</arg>
<arg>${text}</arg>
<doc>Adds ``values`` to the end of ``list``.</doc>
<status status="PASS" start="2026-07-30T16:28:10.828532" elapsed="0.000221"/>
</kw>
<status status="PASS" start="2026-07-30T16:28:10.828285" elapsed="0.000523"/>
</branch>
<status status="PASS" start="2026-07-30T16:28:10.828257" elapsed="0.000602"/>
</if>
<var name="${element}">&lt;selenium.webdriver.remote.webelement.WebElement (session="205516a76cfd3bff95b9f303d9973ba6", element="f.D4F9284179F1EA09FB73396DC3F46527.d.79A8044E62788B07D1B7D7E03060394B.e.1237")&gt;</var>
<status status="PASS" start="2026-07-30T16:28:10.819536" elapsed="0.009349"/>
</iter>
<var>${element}</var>
<value>@{elements}</value>
<status status="PASS" start="2026-07-30T16:28:10.699753" elapsed="0.129221"/>
</for>
<kw name="Log To Console" owner="BuiltIn">
<arg>${messages}</arg>
<doc>Logs the given message to the console.</doc>
<status status="PASS" start="2026-07-30T16:28:10.829127" elapsed="0.000776"/>
</kw>
<return>
<value>${messages}</value>
<status status="PASS" start="2026-07-30T16:28:10.829992" elapsed="0.000055"/>
</return>
<msg time="2026-07-30T16:28:10.830227" level="INFO">@{messages} = [ Please select a title. | Please enter a first name. | Please enter a last name. | Please select a gender. | Please enter a date of birth. | Please enter a mobile number. | Please enter an email addr...</msg>
<var>@{messages}</var>
<status status="PASS" start="2026-07-30T16:28:10.161004" elapsed="0.669256"/>
</kw>
<kw name="List Should Contain Value" owner="Collections">
<arg>${messages}</arg>
<arg>${expected}</arg>
<doc>Fails if the ``value`` is not found from ``list``.</doc>
<status status="PASS" start="2026-07-30T16:28:10.830391" elapsed="0.000356"/>
</kw>
<status status="PASS" start="2026-07-30T16:28:10.160795" elapsed="0.670012"/>
</branch>
<status status="PASS" start="2026-07-30T16:28:10.160220" elapsed="0.670633"/>
</if>
<kw name="Wait Until Error Alert Disappear" owner="status_label_page">
<kw name="Wait Until Page Does Not Contain Element" owner="SeleniumLibrary">
<arg>${ERROR_ALERT}</arg>
<arg>timeout=${TIMEOUT}</arg>
<doc>Waits until the element ``locator`` disappears from the current page.</doc>
<status status="PASS" start="2026-07-30T16:28:10.831297" elapsed="2.210448"/>
</kw>
<kw name="Log To Console" owner="BuiltIn">
<arg>✅ Error Alert Disappeared</arg>
<doc>Logs the given message to the console.</doc>
<status status="PASS" start="2026-07-30T16:28:13.041942" elapsed="0.000376"/>
</kw>
<status status="PASS" start="2026-07-30T16:28:10.831017" elapsed="2.211385"/>
</kw>
<status status="PASS" start="2026-07-30T16:28:07.966799" elapsed="5.075645"/>
</branch>
<branch type="ELSE">
<kw name="Log To Console" owner="BuiltIn">
<arg>No error toast displayed. Validation may be inline.</arg>
<doc>Logs the given message to the console.</doc>
<status status="NOT RUN" start="2026-07-30T16:28:13.042616" elapsed="0.000029"/>
</kw>
<status status="NOT RUN" start="2026-07-30T16:28:13.042490" elapsed="0.000196"/>
</branch>
<status status="PASS" start="2026-07-30T16:28:07.966774" elapsed="5.075944"/>
</if>
<arg>${expected_message}</arg>
<status status="PASS" start="2026-07-30T16:28:07.944308" elapsed="5.098458"/>
</kw>
<status status="PASS" start="2026-07-30T16:28:07.944085" elapsed="5.098721"/>
</branch>
<status status="PASS" start="2026-07-30T16:28:07.943652" elapsed="5.099184"/>
</if>
<arg>title=Select</arg>
<arg>first_name=</arg>
<arg>last_name=</arg>
<arg>gender=</arg>
<arg>year=</arg>
<arg>month=</arg>
<arg>day=</arg>
<arg>mobile_code=</arg>
<arg>mobile=</arg>
<arg>email=</arg>
<arg>address=</arg>
<arg>suburb=</arg>
<arg>state=</arg>
<arg>postal=</arg>
<arg>ec_name=</arg>
<arg>ec_gender=</arg>
<arg>ec_mobile_code=</arg>
<arg>ec_mobile=</arg>
<arg>expected_message=Please select a title.</arg>
<status status="PASS" start="2026-07-30T16:28:01.897190" elapsed="11.145694"/>
</kw>
<status status="PASS" start="2026-07-30T16:28:01.895061" elapsed="11.148091"/>
</test>
<test id="s1-t2" name="TC2 - Validate First Name is Mandatory" line="74">
<kw name="Validate Add Patient Flow">
<if>
<branch type="IF" condition="'${title}' != ''">
<kw name="Select Title" owner="add_patient_page">
<kw name="Dropdown With Label" owner="Dropdowns">
<kw name="Set Variable" owner="BuiltIn">
<msg time="2026-07-30T16:28:13.046637" level="INFO">${BASE_PATH} = //div[label[text()="Title"]]/following-sibling::</msg>
<var>${BASE_PATH}</var>
<arg>//div[label[text()="${LABEL}"]]/following-sibling::</arg>
<doc>Returns the given values which can then be assigned to a variables.</doc>
<status status="PASS" start="2026-07-30T16:28:13.046336" elapsed="0.000336"/>
</kw>
<kw name="Set Variable" owner="BuiltIn">
<msg time="2026-07-30T16:28:13.047116" level="INFO">${DROPDOWN_PATH} = xpath=(//div[label[text()="Title"]]/following-sibling::div/div/select)[1]</msg>
<var>${DROPDOWN_PATH}</var>
<arg>xpath=(${BASE_PATH}div/div/select)[${INDEX}]</arg>
<doc>Returns the given values which can then be assigned to a variables.</doc>
<status status="PASS" start="2026-07-30T16:28:13.046802" elapsed="0.000345"/>
</kw>
<kw name="Wait Until Element Is Visible" owner="SeleniumLibrary">
<arg>${DROPDOWN_PATH}</arg>
<arg>${TIMEOUT}</arg>
<doc>Waits until the element ``locator`` is visible.</doc>
<status status="PASS" start="2026-07-30T16:28:13.047276" elapsed="0.011835"/>
</kw>
<kw name="Select From List By Label" owner="SeleniumLibrary">
<msg time="2026-07-30T16:28:13.059548" level="INFO">Selecting options from selection list 'xpath=(//div[label[text()="Title"]]/following-sibling::div/div/select)[1]' by label Ms.</msg>
<arg>${DROPDOWN_PATH}</arg>
<arg>${VALUE}</arg>
<doc>Selects options from selection list ``locator`` by ``labels``.</doc>
<status status="PASS" start="2026-07-30T16:28:13.059307" elapsed="0.095380"/>
</kw>
<arg>Title</arg>
<arg>${title}</arg>
<status status="PASS" start="2026-07-30T16:28:13.046011" elapsed="0.108823"/>
</kw>
<arg>${title}</arg>
<status status="PASS" start="2026-07-30T16:28:13.045726" elapsed="0.109189"/>
</kw>
<status status="PASS" start="2026-07-30T16:28:13.045513" elapsed="0.109453"/>
</branch>
<status status="PASS" start="2026-07-30T16:28:13.045492" elapsed="0.109542"/>
</if>
<if>
<branch type="IF" condition="'${first_name}' != ''">
<kw name="Enter First Name" owner="add_patient_page">
<arg>${first_name}</arg>
<status status="NOT RUN" start="2026-07-30T16:28:13.155658" elapsed="0.000058"/>
</kw>
<status status="NOT RUN" start="2026-07-30T16:28:13.155214" elapsed="0.000566"/>
</branch>
<status status="PASS" start="2026-07-30T16:28:13.155187" elapsed="0.000647"/>
</if>
<if>
<branch type="IF" condition="'${last_name}' != ''">
<kw name="Enter Last Name" owner="add_patient_page">
<arg>${last_name}</arg>
<status status="NOT RUN" start="2026-07-30T16:28:13.156248" elapsed="0.000055"/>
</kw>
<status status="NOT RUN" start="2026-07-30T16:28:13.155951" elapsed="0.000426"/>
</branch>
<status status="PASS" start="2026-07-30T16:28:13.155903" elapsed="0.000515"/>
</if>
<if>
<branch type="IF" condition="'${gender}' != ''">
<kw name="Select Gender" owner="add_patient_page">
<arg>${gender}</arg>
<status status="NOT RUN" start="2026-07-30T16:28:13.156787" elapsed="0.000036"/>
</kw>
<status status="NOT RUN" start="2026-07-30T16:28:13.156494" elapsed="0.000377"/>
</branch>
<status status="PASS" start="2026-07-30T16:28:13.156478" elapsed="0.000432"/>
</if>
<if>
<branch type="IF" condition="'${year}' != '' and '${month}' != '' and '${day}' != ''">
<kw name="Select Date Of Birth" owner="add_patient_page">
<arg>${year}</arg>
<arg>${month}</arg>
<arg>${day}</arg>
<status status="NOT RUN" start="2026-07-30T16:28:13.157285" elapsed="0.000035"/>
</kw>
<status status="NOT RUN" start="2026-07-30T16:28:13.156966" elapsed="0.000403"/>
</branch>
<status status="PASS" start="2026-07-30T16:28:13.156949" elapsed="0.000458"/>
</if>
<if>
<branch type="IF" condition="'${mobile_code}' != ''">
<kw name="Select Mobile Code" owner="add_patient_page">
<arg>${mobile_code}</arg>
<status status="NOT RUN" start="2026-07-30T16:28:13.157676" elapsed="0.000032"/>
</kw>
<status status="NOT RUN" start="2026-07-30T16:28:13.157461" elapsed="0.000288"/>
</branch>
<status status="PASS" start="2026-07-30T16:28:13.157445" elapsed="0.000339"/>
</if>
<if>
<branch type="IF" condition="'${mobile}' != ''">
<kw name="Enter Mobile" owner="add_patient_page">
<arg>${mobile}</arg>
<status status="NOT RUN" start="2026-07-30T16:28:13.158058" elapsed="0.000032"/>
</kw>
<status status="NOT RUN" start="2026-07-30T16:28:13.157835" elapsed="0.000296"/>
</branch>
<status status="PASS" start="2026-07-30T16:28:13.157820" elapsed="0.000346"/>
</if>
<kw name="Sleep" owner="BuiltIn">
<msg time="2026-07-30T16:28:18.158998" level="INFO">Slept 5 seconds.</msg>
<arg>5s</arg>
<doc>Pauses the test executed for the given time.</doc>
<status status="PASS" start="2026-07-30T16:28:13.158278" elapsed="5.001089"/>
</kw>
<if>
<branch type="IF" condition="'${email}' != ''">
<kw name="Enter Email" owner="add_patient_page">
<arg>${email}</arg>
<status status="NOT RUN" start="2026-07-30T16:28:18.160974" elapsed="0.000171"/>
</kw>
<status status="NOT RUN" start="2026-07-30T16:28:18.159832" elapsed="0.001528"/>
</branch>
<status status="PASS" start="2026-07-30T16:28:18.159729" elapsed="0.001815"/>
</if>
<if>
<branch type="IF" condition="'${address}' != ''">
<kw name="Enter Address" owner="add_patient_page">
<arg>${address}</arg>
<status status="NOT RUN" start="2026-07-30T16:28:18.162832" elapsed="0.000161"/>
</kw>
<status status="NOT RUN" start="2026-07-30T16:28:18.161827" elapsed="0.001367"/>
</branch>
<status status="PASS" start="2026-07-30T16:28:18.161751" elapsed="0.001620"/>
</if>
<if>
<branch type="IF" condition="'${suburb}' != ''">
<kw name="Enter Suburb" owner="add_patient_page">
<arg>${suburb}</arg>
<status status="NOT RUN" start="2026-07-30T16:28:18.164000" elapsed="0.000031"/>
</kw>
<status status="NOT RUN" start="2026-07-30T16:28:18.163625" elapsed="0.000445"/>
</branch>
<status status="PASS" start="2026-07-30T16:28:18.163550" elapsed="0.000554"/>
</if>
<if>
<branch type="IF" condition="'${state}' != ''">
<kw name="Enter State" owner="add_patient_page">
<arg>${state}</arg>
<status status="NOT RUN" start="2026-07-30T16:28:18.164344" elapsed="0.000032"/>
</kw>
<status status="NOT RUN" start="2026-07-30T16:28:18.164155" elapsed="0.000260"/>
</branch>
<status status="PASS" start="2026-07-30T16:28:18.164139" elapsed="0.000312"/>
</if>
<if>
<branch type="IF" condition="'${postal}' != ''">
<kw name="Enter Postal Code" owner="add_patient_page">
<arg>${postal}</arg>
<status status="NOT RUN" start="2026-07-30T16:28:18.164702" elapsed="0.000031"/>
</kw>
<status status="NOT RUN" start="2026-07-30T16:28:18.164501" elapsed="0.000275"/>
</branch>
<status status="PASS" start="2026-07-30T16:28:18.164487" elapsed="0.000323"/>
</if>
<if>
<branch type="IF" condition="'${ec_name}' != ''">
<kw name="Enter Emergency Contact Name" owner="add_patient_page">
<arg>${ec_name}</arg>
<status status="NOT RUN" start="2026-07-30T16:28:18.165059" elapsed="0.000032"/>
</kw>
<status status="NOT RUN" start="2026-07-30T16:28:18.164863" elapsed="0.000266"/>
</branch>
<status status="PASS" start="2026-07-30T16:28:18.164848" elapsed="0.000314"/>
</if>
<if>
<branch type="IF" condition="'${ec_gender}' != ''">
<kw name="Select Emergency Contact Gender" owner="add_patient_page">
<arg>${ec_gender}</arg>
<status status="NOT RUN" start="2026-07-30T16:28:18.165405" elapsed="0.000030"/>
</kw>
<status status="NOT RUN" start="2026-07-30T16:28:18.165213" elapsed="0.000261"/>
</branch>
<status status="PASS" start="2026-07-30T16:28:18.165199" elapsed="0.000309"/>
</if>
<if>
<branch type="IF" condition="'${ec_mobile_code}' != ''">
<kw name="Select Mobile Code" owner="add_patient_page">
<arg>${ec_mobile_code}</arg>
<arg>2</arg>
<status status="NOT RUN" start="2026-07-30T16:28:18.165752" elapsed="0.000033"/>
</kw>
<status status="NOT RUN" start="2026-07-30T16:28:18.165559" elapsed="0.000269"/>
</branch>
<status status="PASS" start="2026-07-30T16:28:18.165545" elapsed="0.000316"/>
</if>
<if>
<branch type="IF" condition="'${ec_mobile}' != ''">
<kw name="Enter Emergency Contact Mobile" owner="add_patient_page">
<arg>${ec_mobile}</arg>
<status status="NOT RUN" start="2026-07-30T16:28:18.166111" elapsed="0.000033"/>
</kw>
<status status="NOT RUN" start="2026-07-30T16:28:18.165916" elapsed="0.000269"/>
</branch>
<status status="PASS" start="2026-07-30T16:28:18.165901" elapsed="0.000317"/>
</if>
<kw name="Click Save" owner="add_patient_page">
<kw name="Button Click" owner="Buttons">
<kw name="Set Variable" owner="BuiltIn">
<msg time="2026-07-30T16:28:18.167219" level="INFO">${BASE_PATH} = //button[normalize-space()="Save"]</msg>
<var>${BASE_PATH}</var>
<arg>//button[normalize-space()="${LABEL}"]</arg>
<doc>Returns the given values which can then be assigned to a variables.</doc>
<status status="PASS" start="2026-07-30T16:28:18.166910" elapsed="0.000340"/>
</kw>
<kw name="Set Variable" owner="BuiltIn">
<msg time="2026-07-30T16:28:18.167675" level="INFO">${BUTTON_PATH} = xpath=(//button[normalize-space()="Save"])[1]</msg>
<var>${BUTTON_PATH}</var>
<arg>xpath=(${BASE_PATH})[${INDEX}]</arg>
<doc>Returns the given values which can then be assigned to a variables.</doc>
<status status="PASS" start="2026-07-30T16:28:18.167378" elapsed="0.000327"/>
</kw>
<kw name="Wait Until Element Is Visible" owner="SeleniumLibrary">
<arg>${BUTTON_PATH}</arg>
<arg>${TIMEOUT}</arg>
<doc>Waits until the element ``locator`` is visible.</doc>
<status status="PASS" start="2026-07-30T16:28:18.167838" elapsed="0.011776"/>
</kw>
<kw name="Click Button" owner="SeleniumLibrary">
[...]
<doc>Fails if the ``value`` is not found from ``list``.</doc>
<status status="PASS" start="2026-07-30T16:31:07.659689" elapsed="0.000195"/>
</kw>
<status status="PASS" start="2026-07-30T16:31:07.112379" elapsed="0.547556"/>
</branch>
<status status="PASS" start="2026-07-30T16:31:07.111827" elapsed="0.548144"/>
</if>
<kw name="Wait Until Error Alert Disappear" owner="status_label_page">
<kw name="Wait Until Page Does Not Contain Element" owner="SeleniumLibrary">
<arg>${ERROR_ALERT}</arg>
<arg>timeout=${TIMEOUT}</arg>
<doc>Waits until the element ``locator`` disappears from the current page.</doc>
<status status="PASS" start="2026-07-30T16:31:07.660352" elapsed="2.479597"/>
</kw>
<kw name="Log To Console" owner="BuiltIn">
<arg>✅ Error Alert Disappeared</arg>
<doc>Logs the given message to the console.</doc>
<status status="PASS" start="2026-07-30T16:31:10.140154" elapsed="0.000351"/>
</kw>
<status status="PASS" start="2026-07-30T16:31:07.660106" elapsed="2.480485"/>
</kw>
<status status="PASS" start="2026-07-30T16:31:04.940337" elapsed="5.200295"/>
</branch>
<branch type="ELSE">
<kw name="Log To Console" owner="BuiltIn">
<arg>No error toast displayed. Validation may be inline.</arg>
<doc>Logs the given message to the console.</doc>
<status status="NOT RUN" start="2026-07-30T16:31:10.140806" elapsed="0.000030"/>
</kw>
<status status="NOT RUN" start="2026-07-30T16:31:10.140679" elapsed="0.000198"/>
</branch>
<status status="PASS" start="2026-07-30T16:31:04.940313" elapsed="5.200598"/>
</if>
<arg>${expected_message}</arg>
<status status="PASS" start="2026-07-30T16:31:04.926662" elapsed="5.214298"/>
</kw>
<status status="PASS" start="2026-07-30T16:31:04.917686" elapsed="5.223314"/>
</branch>
<status status="PASS" start="2026-07-30T16:31:04.917227" elapsed="5.223806"/>
</if>
<arg>title=</arg>
<arg>first_name=</arg>
<arg>last_name=</arg>
<arg>gender=</arg>
<arg>year=</arg>
<arg>month=</arg>
<arg>day=</arg>
<arg>mobile_code=</arg>
<arg>mobile=</arg>
<arg>email=</arg>
<arg>address=</arg>
<arg>suburb=</arg>
<arg>state=</arg>
<arg>postal=</arg>
<arg>ec_name=</arg>
<arg>ec_gender=</arg>
<arg>ec_mobile_code=IN</arg>
<arg>ec_mobile=98496750951</arg>
<arg>expected_message=Please enter a valid emergency contact mobile number.</arg>
<status status="PASS" start="2026-07-30T16:30:59.621178" elapsed="10.519898"/>
</kw>
<status status="PASS" start="2026-07-30T16:30:59.619827" elapsed="10.521510"/>
</test>
<test id="s1-t19" name="TC20- Validate Successful Patient Registration" line="74">
<kw name="Validate Add Patient Flow">
<if>
<branch type="IF" condition="'${title}' != ''">
<kw name="Select Title" owner="add_patient_page">
<arg>${title}</arg>
<status status="NOT RUN" start="2026-07-30T16:31:10.143861" elapsed="0.000035"/>
</kw>
<status status="NOT RUN" start="2026-07-30T16:31:10.143643" elapsed="0.000297"/>
</branch>
<status status="PASS" start="2026-07-30T16:31:10.143620" elapsed="0.000357"/>
</if>
<if>
<branch type="IF" condition="'${first_name}' != ''">
<kw name="Enter First Name" owner="add_patient_page">
<arg>${first_name}</arg>
<status status="NOT RUN" start="2026-07-30T16:31:10.144230" elapsed="0.000031"/>
</kw>
<status status="NOT RUN" start="2026-07-30T16:31:10.144030" elapsed="0.000274"/>
</branch>
<status status="PASS" start="2026-07-30T16:31:10.144015" elapsed="0.000325"/>
</if>
<if>
<branch type="IF" condition="'${last_name}' != ''">
<kw name="Enter Last Name" owner="add_patient_page">
<arg>${last_name}</arg>
<status status="NOT RUN" start="2026-07-30T16:31:10.144585" elapsed="0.000031"/>
</kw>
<status status="NOT RUN" start="2026-07-30T16:31:10.144390" elapsed="0.000266"/>
</branch>
<status status="PASS" start="2026-07-30T16:31:10.144376" elapsed="0.000316"/>
</if>
<if>
<branch type="IF" condition="'${gender}' != ''">
<kw name="Select Gender" owner="add_patient_page">
<arg>${gender}</arg>
<status status="NOT RUN" start="2026-07-30T16:31:10.144936" elapsed="0.000031"/>
</kw>
<status status="NOT RUN" start="2026-07-30T16:31:10.144741" elapsed="0.000266"/>
</branch>
<status status="PASS" start="2026-07-30T16:31:10.144728" elapsed="0.000314"/>
</if>
<if>
<branch type="IF" condition="'${year}' != '' and '${month}' != '' and '${day}' != ''">
<kw name="Select Date Of Birth" owner="add_patient_page">
<arg>${year}</arg>
<arg>${month}</arg>
<arg>${day}</arg>
<status status="NOT RUN" start="2026-07-30T16:31:10.145342" elapsed="0.000042"/>
</kw>
<status status="NOT RUN" start="2026-07-30T16:31:10.145093" elapsed="0.000336"/>
</branch>
<status status="PASS" start="2026-07-30T16:31:10.145079" elapsed="0.000387"/>
</if>
<if>
<branch type="IF" condition="'${mobile_code}' != ''">
<kw name="Select Mobile Code" owner="add_patient_page">
<arg>${mobile_code}</arg>
<status status="NOT RUN" start="2026-07-30T16:31:10.145715" elapsed="0.000031"/>
</kw>
<status status="NOT RUN" start="2026-07-30T16:31:10.145517" elapsed="0.000269"/>
</branch>
<status status="PASS" start="2026-07-30T16:31:10.145503" elapsed="0.000318"/>
</if>
<if>
<branch type="IF" condition="'${mobile}' != ''">
<kw name="Enter Mobile" owner="add_patient_page">
<arg>${mobile}</arg>
<status status="NOT RUN" start="2026-07-30T16:31:10.146065" elapsed="0.000032"/>
</kw>
<status status="NOT RUN" start="2026-07-30T16:31:10.145872" elapsed="0.000263"/>
</branch>
<status status="PASS" start="2026-07-30T16:31:10.145858" elapsed="0.000311"/>
</if>
<kw name="Sleep" owner="BuiltIn">
<msg time="2026-07-30T16:31:15.146999" level="INFO">Slept 5 seconds.</msg>
<arg>5s</arg>
<doc>Pauses the test executed for the given time.</doc>
<status status="PASS" start="2026-07-30T16:31:10.146264" elapsed="5.001091"/>
</kw>
<if>
<branch type="IF" condition="'${email}' != ''">
<kw name="Enter Email" owner="add_patient_page">
<arg>${email}</arg>
<status status="NOT RUN" start="2026-07-30T16:31:15.148963" elapsed="0.000171"/>
</kw>
<status status="NOT RUN" start="2026-07-30T16:31:15.147804" elapsed="0.001559"/>
</branch>
<status status="PASS" start="2026-07-30T16:31:15.147709" elapsed="0.001839"/>
</if>
<if>
<branch type="IF" condition="'${address}' != ''">
<kw name="Enter Address" owner="add_patient_page">
<arg>${address}</arg>
<status status="NOT RUN" start="2026-07-30T16:31:15.150806" elapsed="0.000160"/>
</kw>
<status status="NOT RUN" start="2026-07-30T16:31:15.149805" elapsed="0.001453"/>
</branch>
<status status="PASS" start="2026-07-30T16:31:15.149734" elapsed="0.001832"/>
</if>
<if>
<branch type="IF" condition="'${suburb}' != ''">
<kw name="Enter Suburb" owner="add_patient_page">
<arg>${suburb}</arg>
<status status="NOT RUN" start="2026-07-30T16:31:15.152815" elapsed="0.000158"/>
</kw>
<status status="NOT RUN" start="2026-07-30T16:31:15.151835" elapsed="0.001335"/>
</branch>
<status status="PASS" start="2026-07-30T16:31:15.151762" elapsed="0.001634"/>
</if>
<if>
<branch type="IF" condition="'${state}' != ''">
<kw name="Enter State" owner="add_patient_page">
<arg>${state}</arg>
<status status="NOT RUN" start="2026-07-30T16:31:15.154589" elapsed="0.000149"/>
</kw>
<status status="NOT RUN" start="2026-07-30T16:31:15.153650" elapsed="0.001280"/>
</branch>
<status status="PASS" start="2026-07-30T16:31:15.153580" elapsed="0.001520"/>
</if>
<if>
<branch type="IF" condition="'${postal}' != ''">
<kw name="Enter Postal Code" owner="add_patient_page">
<arg>${postal}</arg>
<status status="NOT RUN" start="2026-07-30T16:31:15.156343" elapsed="0.000152"/>
</kw>
<status status="NOT RUN" start="2026-07-30T16:31:15.155391" elapsed="0.001296"/>
</branch>
<status status="PASS" start="2026-07-30T16:31:15.155317" elapsed="0.001539"/>
</if>
<if>
<branch type="IF" condition="'${ec_name}' != ''">
<kw name="Enter Emergency Contact Name" owner="add_patient_page">
<arg>${ec_name}</arg>
<status status="NOT RUN" start="2026-07-30T16:31:15.158097" elapsed="0.000155"/>
</kw>
<status status="NOT RUN" start="2026-07-30T16:31:15.157099" elapsed="0.001345"/>
</branch>
<status status="PASS" start="2026-07-30T16:31:15.157030" elapsed="0.001582"/>
</if>
<if>
<branch type="IF" condition="'${ec_gender}' != ''">
<kw name="Select Emergency Contact Gender" owner="add_patient_page">
<arg>${ec_gender}</arg>
<status status="NOT RUN" start="2026-07-30T16:31:15.159868" elapsed="0.000154"/>
</kw>
<status status="NOT RUN" start="2026-07-30T16:31:15.158867" elapsed="0.001365"/>
</branch>
<status status="PASS" start="2026-07-30T16:31:15.158797" elapsed="0.001708"/>
</if>
<if>
<branch type="IF" condition="'${ec_mobile_code}' != ''">
<kw name="Select Mobile Code" owner="add_patient_page">
<kw name="Textfield With Dropdown" owner="TextFields">
<kw name="Set Variable" owner="BuiltIn">
<msg time="2026-07-30T16:31:15.165572" level="INFO">${BASE_PATH} = //div[label[normalize-space(text())="Mobile"]]/following-sibling::</msg>
<var>${BASE_PATH}</var>
<arg>//div[label[normalize-space(text())="${LABEL}"]]/following-sibling::</arg>
<doc>Returns the given values which can then be assigned to a variables.</doc>
<status status="PASS" start="2026-07-30T16:31:15.164509" elapsed="0.001176"/>
</kw>
<kw name="Set Variable" owner="BuiltIn">
<msg time="2026-07-30T16:31:15.167134" level="INFO">${DROPDOWN_PATH} = xpath=(//div[label[normalize-space(text())="Mobile"]]/following-sibling::div/div/select)[2]</msg>
<var>${DROPDOWN_PATH}</var>
<arg>xpath=(${BASE_PATH}div/div/select)[${INDEX}]</arg>
<doc>Returns the given values which can then be assigned to a variables.</doc>
<status status="PASS" start="2026-07-30T16:31:15.166116" elapsed="0.001122"/>
</kw>
<kw name="Wait Until Element Is Visible" owner="SeleniumLibrary">
<arg>${DROPDOWN_PATH}</arg>
<arg>${TIMEOUT}</arg>
<doc>Waits until the element ``locator`` is visible.</doc>
<status status="PASS" start="2026-07-30T16:31:15.167705" elapsed="0.020553"/>
</kw>
<kw name="Select From List By Label" owner="SeleniumLibrary">
<msg time="2026-07-30T16:31:15.188700" level="INFO">Selecting options from selection list 'xpath=(//div[label[normalize-space(text())="Mobile"]]/following-sibling::div/div/select)[2]' by label IN.</msg>
<arg>${DROPDOWN_PATH}</arg>
<arg>${VALUE}</arg>
<doc>Selects options from selection list ``locator`` by ``labels``.</doc>
<status status="PASS" start="2026-07-30T16:31:15.188459" elapsed="0.046652"/>
</kw>
<arg>Mobile</arg>
<arg>${mobile_code}</arg>
<arg>${index}</arg>
<status status="PASS" start="2026-07-30T16:31:15.163395" elapsed="0.071831"/>
</kw>
<arg>${ec_mobile_code}</arg>
<arg>2</arg>
<status status="PASS" start="2026-07-30T16:31:15.161820" elapsed="0.073475"/>
</kw>
<status status="PASS" start="2026-07-30T16:31:15.160769" elapsed="0.074570"/>
</branch>
<status status="PASS" start="2026-07-30T16:31:15.160697" elapsed="0.074687"/>
</if>
<if>
<branch type="IF" condition="'${ec_mobile}' != ''">
<kw name="Enter Emergency Contact Mobile" owner="add_patient_page">
<kw name="Textfield With Label" owner="TextFields">
<kw name="Set Variable" owner="BuiltIn">
<msg time="2026-07-30T16:31:15.236737" level="INFO">${BASE_PATH} = //div[label[normalize-space(text())="Mobile"]]/following-sibling::</msg>
<var>${BASE_PATH}</var>
<arg>//div[label[normalize-space(text())="${LABEL}"]]/following-sibling::</arg>
<doc>Returns the given values which can then be assigned to a variables.</doc>
<status status="PASS" start="2026-07-30T16:31:15.236383" elapsed="0.000385"/>
</kw>
<kw name="Set Variable" owner="BuiltIn">
<msg time="2026-07-30T16:31:15.237197" level="INFO">${INPUT_PATH} = xpath=(//div[label[normalize-space(text())="Mobile"]]/following-sibling::div/div/input)[2]</msg>
<var>${INPUT_PATH}</var>
<arg>xpath=(${BASE_PATH}div/div/input)[${INDEX}]</arg>
<doc>Returns the given values which can then be assigned to a variables.</doc>
<status status="PASS" start="2026-07-30T16:31:15.236900" elapsed="0.000328"/>
</kw>
<kw name="Wait Until Element Is Visible" owner="SeleniumLibrary">
<arg>${INPUT_PATH}</arg>
<arg>${TIMEOUT}</arg>
<doc>Waits until the element ``locator`` is visible.</doc>
<status status="PASS" start="2026-07-30T16:31:15.237358" elapsed="0.012565"/>
</kw>
<kw name="Clear Element Text" owner="SeleniumLibrary">
<arg>${INPUT_PATH}</arg>
<doc>Clears the value of the text-input-element identified by ``locator``.</doc>
<status status="PASS" start="2026-07-30T16:31:15.250123" elapsed="0.027112"/>
</kw>
<kw name="Input Text" owner="SeleniumLibrary">
<msg time="2026-07-30T16:31:15.277716" level="INFO">Typing text '8944060601' into text field 'xpath=(//div[label[normalize-space(text())="Mobile"]]/following-sibling::div/div/input)[2]'.</msg>
<arg>${INPUT_PATH}</arg>
<arg>${VALUE}</arg>
<doc>Types the given ``text`` into the text field identified by ``locator``.</doc>
<status status="PASS" start="2026-07-30T16:31:15.277456" elapsed="0.064213"/>
</kw>
<arg>Mobile</arg>
<arg>${mobile}</arg>
<arg>${index}</arg>
<status status="PASS" start="2026-07-30T16:31:15.236052" elapsed="0.105732"/>
</kw>
<arg>${ec_mobile}</arg>
<status status="PASS" start="2026-07-30T16:31:15.235717" elapsed="0.106141"/>
</kw>
<status status="PASS" start="2026-07-30T16:31:15.235450" elapsed="0.106453"/>
</branch>
<status status="PASS" start="2026-07-30T16:31:15.235431" elapsed="0.106519"/>
</if>
<kw name="Click Save" owner="add_patient_page">
<kw name="Button Click" owner="Buttons">
<kw name="Set Variable" owner="BuiltIn">
<msg time="2026-07-30T16:31:15.343059" level="INFO">${BASE_PATH} = //button[normalize-space()="Save"]</msg>
<var>${BASE_PATH}</var>
<arg>//button[normalize-space()="${LABEL}"]</arg>
<doc>Returns the given values which can then be assigned to a variables.</doc>
<status status="PASS" start="2026-07-30T16:31:15.342735" elapsed="0.000359"/>
</kw>
<kw name="Set Variable" owner="BuiltIn">
<msg time="2026-07-30T16:31:15.343534" level="INFO">${BUTTON_PATH} = xpath=(//button[normalize-space()="Save"])[1]</msg>
<var>${BUTTON_PATH}</var>
<arg>xpath=(${BASE_PATH})[${INDEX}]</arg>
<doc>Returns the given values which can then be assigned to a variables.</doc>
<status status="PASS" start="2026-07-30T16:31:15.343225" elapsed="0.000340"/>
</kw>
<kw name="Wait Until Element Is Visible" owner="SeleniumLibrary">
<arg>${BUTTON_PATH}</arg>
<arg>${TIMEOUT}</arg>
<doc>Waits until the element ``locator`` is visible.</doc>
<status status="PASS" start="2026-07-30T16:31:15.343696" elapsed="0.011476"/>
</kw>
<kw name="Click Button" owner="SeleniumLibrary">
<msg time="2026-07-30T16:31:15.355626" level="INFO">Clicking button 'xpath=(//button[normalize-space()="Save"])[1]'.</msg>
<arg>${BUTTON_PATH}</arg>
<doc>Clicks the button identified by ``locator``.</doc>
<status status="PASS" start="2026-07-30T16:31:15.355373" elapsed="0.063466"/>
</kw>
<kw name="Log To Console" owner="BuiltIn">
<arg>Clicked button with label ${LABEL}</arg>
<doc>Logs the given message to the console.</doc>
<status status="PASS" start="2026-07-30T16:31:15.419103" elapsed="0.000498"/>
</kw>
<arg>${Save_BTN}</arg>
<status status="PASS" start="2026-07-30T16:31:15.342431" elapsed="0.077272"/>
</kw>
<kw name="Log To Console" owner="BuiltIn">
<arg>Clicked Save Button</arg>
<doc>Logs the given message to the console.</doc>
<status status="PASS" start="2026-07-30T16:31:15.419865" elapsed="0.000310"/>
</kw>
<status status="PASS" start="2026-07-30T16:31:15.342123" elapsed="0.078143"/>
</kw>
<if>
<branch type="IF" condition="'${expected_message}' == 'Patient registered successfully'">
<kw name="Success Alert Should Be" owner="status_label_page">
<kw name="Get Success Alert Message" owner="status_label_page">
<kw name="Wait For Success Alert" owner="status_label_page">
<kw name="Wait Until Keyword Succeeds" owner="BuiltIn">
<kw name="Element Should Be Visible" owner="SeleniumLibrary">
<msg time="2026-07-30T16:31:15.767605" level="INFO">Element '(//div[contains(@class,'toast') and contains(@class,'bg-green-50')])[1]' is displayed.</msg>
<arg>${SUCCESS_ALERT}</arg>
<doc>Verifies that the element identified by ``locator`` is visible.</doc>
<status status="PASS" start="2026-07-30T16:31:15.421815" elapsed="0.345878"/>
</kw>
<arg>5x</arg>
<arg>1s</arg>
<arg>Element Should Be Visible</arg>
<arg>${SUCCESS_ALERT}</arg>
<doc>Runs the specified keyword and retries if it fails.</doc>
<status status="PASS" start="2026-07-30T16:31:15.421437" elapsed="0.346340"/>
</kw>
<status status="PASS" start="2026-07-30T16:31:15.421187" elapsed="0.346665"/>
</kw>
<kw name="Get Text" owner="SeleniumLibrary">
<msg time="2026-07-30T16:31:15.783359" level="INFO">${msg} = Patient registered successfully</msg>
<var>${msg}</var>
<arg>xpath=${SUCCESS_ALERT}</arg>
<doc>Returns the text value of the element identified by ``locator``.</doc>
<status status="PASS" start="2026-07-30T16:31:15.768001" elapsed="0.015406"/>
</kw>
<kw name="Strip String" owner="String">
<msg time="2026-07-30T16:31:15.783811" level="INFO">${msg} = Patient registered successfully</msg>
<var>${msg}</var>
<arg>${msg}</arg>
<doc>Remove leading and/or trailing whitespaces from the given string.</doc>
<status status="PASS" start="2026-07-30T16:31:15.783609" elapsed="0.000232"/>
</kw>
<return>
<value>${msg}</value>
<status status="PASS" start="2026-07-30T16:31:15.783902" elapsed="0.000045"/>
</return>
<msg time="2026-07-30T16:31:15.784077" level="INFO">${actual} = Patient registered successfully</msg>
<var>${actual}</var>
<status status="PASS" start="2026-07-30T16:31:15.420950" elapsed="0.363154"/>
</kw>
<kw name="Should Be Equal" owner="BuiltIn">
<arg>${actual}</arg>
<arg>${expected}</arg>
<doc>Fails if the given objects are unequal.</doc>
<status status="PASS" start="2026-07-30T16:31:15.784246" elapsed="0.000324"/>
</kw>
<kw name="Wait Until Success Alert Disappear" owner="status_label_page">
<kw name="Wait Until Page Does Not Contain Element" owner="SeleniumLibrary">
<arg>${SUCCESS_ALERT}</arg>
<arg>timeout=${TIMEOUT}</arg>
<doc>Waits until the element ``locator`` disappears from the current page.</doc>
<status status="PASS" start="2026-07-30T16:31:15.784978" elapsed="5.075880"/>
</kw>
<kw name="Log To Console" owner="BuiltIn">
<arg>✅ Success Alert Disappeared</arg>
<doc>Logs the given message to the console.</doc>
<status status="PASS" start="2026-07-30T16:31:20.861667" elapsed="0.001457"/>
</kw>
<status status="PASS" start="2026-07-30T16:31:15.784733" elapsed="5.078764"/>
</kw>
<arg>${expected_message}</arg>
<status status="PASS" start="2026-07-30T16:31:15.420621" elapsed="5.443193"/>
</kw>
<status status="PASS" start="2026-07-30T16:31:15.420352" elapsed="5.443653"/>
</branch>
<branch type="ELSE">
<kw name="Error Alert Should Be" owner="status_label_page">
<arg>${expected_message}</arg>
<status status="NOT RUN" start="2026-07-30T16:31:20.865314" elapsed="0.000035"/>
</kw>
<status status="NOT RUN" start="2026-07-30T16:31:20.864202" elapsed="0.001187"/>
</branch>
<status status="PASS" start="2026-07-30T16:31:15.420330" elapsed="5.445094"/>
</if>
<arg>title=</arg>
<arg>first_name=</arg>
<arg>last_name=</arg>
<arg>gender=</arg>
<arg>year=</arg>
<arg>month=</arg>
<arg>day=</arg>
<arg>mobile_code=</arg>
<arg>mobile=</arg>
<arg>email=</arg>
<arg>address=</arg>
<arg>suburb=</arg>
<arg>state=</arg>
<arg>postal=</arg>
<arg>ec_name=</arg>
<arg>ec_gender=</arg>
<arg>ec_mobile_code=IN</arg>
<arg>ec_mobile=8944060601</arg>
<arg>expected_message=Patient registered successfully</arg>
<status status="PASS" start="2026-07-30T16:31:10.143190" elapsed="10.722281"/>
</kw>
<status status="PASS" start="2026-07-30T16:31:10.141868" elapsed="10.723840"/>
</test>
<kw name="Close Browser Keyword" owner="Common" type="TEARDOWN">
<kw name="Close Browser" owner="SeleniumLibrary">
<doc>Closes the current browser.</doc>
<status status="PASS" start="2026-07-30T16:31:20.866576" elapsed="2.802313"/>
</kw>
<status status="PASS" start="2026-07-30T16:31:20.866385" elapsed="2.802619"/>
</kw>
<status status="PASS" start="2026-07-30T16:27:36.790449" elapsed="226.878602"/>
</suite>
<statistics>
<total>
<stat pass="19" fail="0" skip="0">All Tests</stat>
</total>
<tag>
</tag>
<suite>
<stat name="Add Patient Tests" id="s1" pass="19" fail="0" skip="0">Add Patient Tests</stat>
</suite>
</statistics>
<errors>
</errors>
</robot>
